#
# There is insufficient memory for the Java Runtime Environment to continue.
# Native memory allocation (malloc) failed to allocate 32744 bytes for ChunkPool::allocate
# Possible reasons:
#   The system is out of physical RAM or swap space
#   In 32 bit mode, the process size limit was hit
# Possible solutions:
#   Reduce memory load on the system
#   Increase physical memory or swap space
#   Check if swap backing store is full
#   Use 64 bit Java on a 64 bit OS
#   Decrease Java heap size (-Xmx/-Xms)
#   Decrease number of Java threads
#   Decrease Java thread stack sizes (-Xss)
#   Set larger code cache with -XX:ReservedCodeCacheSize=
# This output file may be truncated or incomplete.
#
#  Out of Memory Error (allocation.cpp:273), pid=5872, tid=4052
#
# JRE version: Java(TM) SE Runtime Environment (8.0_77-b03) (build 1.8.0_77-b03)
# Java VM: Java HotSpot(TM) 64-Bit Server VM (25.77-b03 mixed mode windows-amd64 compressed oops)
# Failed to write core dump. Minidumps are not enabled by default on client versions of Windows
#

---------------  T H R E A D  ---------------

Current thread (0x0000000014d0d800):  JavaThread "C2 CompilerThread1" daemon [_thread_in_native, id=4052, stack(0x0000000016410000,0x0000000016510000)]

Stack: [0x0000000016410000,0x0000000016510000]
[error occurred during error reporting (printing stack bounds), id 0xc0000005]

Native frames: (J=compiled Java code, j=interpreted, Vv=VM code, C=native code)


Current CompileTask:
C2:  14207 1158       4       com.android.dx.ssa.SCCP::simulateBranch (666 bytes)


---------------  P R O C E S S  ---------------

Java Threads: ( => current thread )
  0x00000000167ec000 JavaThread "pool-1-thread-4" [_thread_blocked, id=3376, stack(0x0000000017010000,0x0000000017110000)]
  0x00000000167e6800 JavaThread "pool-1-thread-3" [_thread_blocked, id=3956, stack(0x0000000016f10000,0x0000000017010000)]
  0x00000000167e6000 JavaThread "pool-1-thread-2" [_thread_blocked, id=4756, stack(0x0000000016e10000,0x0000000016f10000)]
  0x00000000167e2000 JavaThread "pool-2-thread-1" [_thread_blocked, id=1792, stack(0x0000000016d10000,0x0000000016e10000)]
  0x000000001686b000 JavaThread "pool-1-thread-1" [_thread_blocked, id=1580, stack(0x0000000016c10000,0x0000000016d10000)]
  0x000000001662c000 JavaThread "Service Thread" daemon [_thread_blocked, id=3596, stack(0x0000000016a10000,0x0000000016b10000)]
  0x0000000014d10000 JavaThread "C1 CompilerThread2" daemon [_thread_in_native, id=2640, stack(0x0000000016510000,0x0000000016610000)]
=>0x0000000014d0d800 JavaThread "C2 CompilerThread1" daemon [_thread_in_native, id=4052, stack(0x0000000016410000,0x0000000016510000)]
  0x0000000014cce000 JavaThread "C2 CompilerThread0" daemon [_thread_in_native, id=3292, stack(0x0000000016310000,0x0000000016410000)]
  0x0000000014ccc800 JavaThread "Attach Listener" daemon [_thread_blocked, id=5060, stack(0x0000000016210000,0x0000000016310000)]
  0x0000000014ccb800 JavaThread "Signal Dispatcher" daemon [_thread_blocked, id=3336, stack(0x0000000016110000,0x0000000016210000)]
  0x0000000014cba800 JavaThread "Finalizer" daemon [_thread_blocked, id=3580, stack(0x0000000015f30000,0x0000000016030000)]
  0x00000000025ef800 JavaThread "Reference Handler" daemon [_thread_blocked, id=3216, stack(0x0000000015e30000,0x0000000015f30000)]
  0x0000000002500800 JavaThread "main" [_thread_blocked, id=2516, stack(0x00000000023e0000,0x00000000024e0000)]

Other Threads:
  0x0000000014c97800 VMThread [stack: 0x0000000015d30000,0x0000000015e30000] [id=2580]
  0x000000001665a000 WatcherThread [stack: 0x0000000016b10000,0x0000000016c10000] [id=5688]

VM state:at safepoint (normal execution)

VM Mutex/Monitor currently owned by a thread:  ([mutex/lock_event])
[0x00000000024fc350] Threads_lock - owner thread: 0x0000000014c97800
[0x00000000024fc650] Heap_lock - owner thread: 0x0000000002500800

Heap:
 PSYoungGen      total 34304K, used 34276K [0x00000000eab00000, 0x00000000ecf00000, 0x0000000100000000)
  eden space 31744K, 100% used [0x00000000eab00000,0x00000000eca00000,0x00000000eca00000)
  from space 2560K, 98% used [0x00000000ecc80000,0x00000000ecef9070,0x00000000ecf00000)
  to   space 2560K, 99% used [0x00000000eca00000,0x00000000ecc7e5e0,0x00000000ecc80000)
 ParOldGen       total 42496K, used 8787K [0x00000000c0000000, 0x00000000c2980000, 0x00000000eab00000)
  object space 42496K, 20% used [0x00000000c0000000,0x00000000c0894f18,0x00000000c2980000)
 Metaspace       used 5948K, capacity 6960K, committed 7040K, reserved 1056768K
  class space    used 596K, capacity 616K, committed 640K, reserved 1048576K

Card table byte_map: [0x00000000119c0000,0x0000000011bd0000] byte_map_base: 0x00000000113c0000

Marking Bits: (ParMarkBitMap*) 0x0000000062d40600
 Begin Bits: [0x0000000012130000, 0x0000000013130000)
 End Bits:   [0x0000000013130000, 0x0000000014130000)

Polling page: 0x0000000000aa0000

CodeCache: size=245760Kb used=4769Kb max_used=4769Kb free=240990Kb
 bounds [0x0000000002600000, 0x0000000002ab0000, 0x0000000011600000]
 total_blobs=1459 nmethods=1190 adapters=182
 compilation: enabled

Compilation events (10 events):
Event: 13.063 Thread 0x0000000014d10000 nmethod 1172 0x0000000002aa3e10 code [0x0000000002aa3f80, 0x0000000002aa4370]
Event: 13.063 Thread 0x0000000014d10000 1214       3       com.android.dx.ssa.SsaMethod$2::visitPhiInsn (6 bytes)
Event: 13.063 Thread 0x0000000014d10000 nmethod 1214 0x0000000002aa4510 code [0x0000000002aa4680, 0x0000000002aa4808]
Event: 13.063 Thread 0x0000000014d10000 1217       3       com.android.dx.dex.code.RopTranslator$TranslationVisitor::visitPlainCstInsn (161 bytes)
Event: 13.067 Thread 0x0000000014d10000 nmethod 1217 0x0000000002aa4890 code [0x0000000002aa4c40, 0x0000000002aa70f8]
Event: 13.067 Thread 0x0000000014d10000 1218       3       com.android.dx.dex.code.RopTranslator$LocalVariableAwareTranslationVisitor::visitPlainCstInsn (11 bytes)
Event: 13.068 Thread 0x0000000014d10000 nmethod 1218 0x0000000002aa8d50 code [0x0000000002aa8f60, 0x0000000002aa9ab8]
Event: 13.068 Thread 0x0000000014d10000 1206       3       com.android.dx.cf.code.BasicBlocker::visitNoArgs (298 bytes)
Event: 13.070 Thread 0x0000000014d10000 nmethod 1206 0x0000000002aaa150 code [0x0000000002aaa3c0, 0x0000000002aab178]
Event: 13.070 Thread 0x0000000014d10000 1207       3       com.android.dx.cf.code.Simulator$SimVisitor::visitNoArgs (2108 bytes)

GC Heap History (4 events):
Event: 11.363 GC heap before
{Heap before GC invocations=1 (full 0):
 PSYoungGen      total 18432K, used 15872K [0x00000000eab00000, 0x00000000ebf80000, 0x0000000100000000)
  eden space 15872K, 100% used [0x00000000eab00000,0x00000000eba80000,0x00000000eba80000)
  from space 2560K, 0% used [0x00000000ebd00000,0x00000000ebd00000,0x00000000ebf80000)
  to   space 2560K, 0% used [0x00000000eba80000,0x00000000eba80000,0x00000000ebd00000)
 ParOldGen       total 42496K, used 0K [0x00000000c0000000, 0x00000000c2980000, 0x00000000eab00000)
  object space 42496K, 0% used [0x00000000c0000000,0x00000000c0000000,0x00000000c2980000)
 Metaspace       used 5707K, capacity 6768K, committed 7040K, reserved 1056768K
  class space    used 593K, capacity 616K, committed 640K, reserved 1048576K
Event: 11.532 GC heap after
Heap after GC invocations=1 (full 0):
 PSYoungGen      total 18432K, used 2548K [0x00000000eab00000, 0x00000000ecf00000, 0x0000000100000000)
  eden space 15872K, 0% used [0x00000000eab00000,0x00000000eab00000,0x00000000eba80000)
  from space 2560K, 99% used [0x00000000eba80000,0x00000000ebcfd080,0x00000000ebd00000)
  to   space 2560K, 0% used [0x00000000ecc80000,0x00000000ecc80000,0x00000000ecf00000)
 ParOldGen       total 42496K, used 2077K [0x00000000c0000000, 0x00000000c2980000, 0x00000000eab00000)
  object space 42496K, 4% used [0x00000000c0000000,0x00000000c0207420,0x00000000c2980000)
 Metaspace       used 5707K, capacity 6768K, committed 7040K, reserved 1056768K
  class space    used 593K, capacity 616K, committed 640K, reserved 1048576K
}
Event: 12.638 GC heap before
{Heap before GC invocations=2 (full 0):
 PSYoungGen      total 18432K, used 18420K [0x00000000eab00000, 0x00000000ecf00000, 0x0000000100000000)
  eden space 15872K, 100% used [0x00000000eab00000,0x00000000eba80000,0x00000000eba80000)
  from space 2560K, 99% used [0x00000000eba80000,0x00000000ebcfd080,0x00000000ebd00000)
  to   space 2560K, 0% used [0x00000000ecc80000,0x00000000ecc80000,0x00000000ecf00000)
 ParOldGen       total 42496K, used 2077K [0x00000000c0000000, 0x00000000c2980000, 0x00000000eab00000)
  object space 42496K, 4% used [0x00000000c0000000,0x00000000c0207420,0x00000000c2980000)
 Metaspace       used 5925K, capacity 6960K, committed 7040K, reserved 1056768K
  class space    used 596K, capacity 616K, committed 640K, reserved 1048576K
Event: 13.037 GC heap after
Heap after GC invocations=2 (full 0):
 PSYoungGen      total 34304K, used 2532K [0x00000000eab00000, 0x00000000ecf00000, 0x0000000100000000)
  eden space 31744K, 0% used [0x00000000eab00000,0x00000000eab00000,0x00000000eca00000)
  from space 2560K, 98% used [0x00000000ecc80000,0x00000000ecef9070,0x00000000ecf00000)
  to   space 2560K, 0% used [0x00000000eca00000,0x00000000eca00000,0x00000000ecc80000)
 ParOldGen       total 42496K, used 4712K [0x00000000c0000000, 0x00000000c2980000, 0x00000000eab00000)
  object space 42496K, 11% used [0x00000000c0000000,0x00000000c049a0d8,0x00000000c2980000)
 Metaspace       used 5925K, capacity 6960K, committed 7040K, reserved 1056768K
  class space    used 596K, capacity 616K, committed 640K, reserved 1048576K
}

Deoptimization events (10 events):
Event: 11.859 Thread 0x000000001686b000 Uncommon trap: reason=unstable_if action=reinterpret pc=0x0000000002979bd0 method=com.android.dx.ssa.SsaRenamer$BlockRenamer.addMapping(ILcom/android/dx/rop/code/RegisterSpec;)V @ 120
Event: 12.395 Thread 0x000000001686b000 Uncommon trap: reason=unstable_if action=reinterpret pc=0x00000000028d2414 method=com.android.dx.rop.code.RegisterSpec.equals(ILcom/android/dx/rop/type/TypeBearer;Lcom/android/dx/rop/code/LocalItem;)Z @ 42
Event: 12.410 Thread 0x000000001686b000 Uncommon trap: reason=bimorphic action=maybe_recompile pc=0x00000000028e5054 method=java.util.HashMap.getNode(ILjava/lang/Object;)Ljava/util/HashMap$Node; @ 126
Event: 12.410 Thread 0x000000001686b000 Uncommon trap: reason=bimorphic action=maybe_recompile pc=0x00000000028e5054 method=java.util.HashMap.getNode(ILjava/lang/Object;)Ljava/util/HashMap$Node; @ 126
Event: 12.411 Thread 0x000000001686b000 Uncommon trap: reason=bimorphic action=maybe_recompile pc=0x00000000028e5054 method=java.util.HashMap.getNode(ILjava/lang/Object;)Ljava/util/HashMap$Node; @ 126
Event: 12.411 Thread 0x000000001686b000 Uncommon trap: reason=bimorphic action=maybe_recompile pc=0x00000000028e5054 method=java.util.HashMap.getNode(ILjava/lang/Object;)Ljava/util/HashMap$Node; @ 126
Event: 12.411 Thread 0x000000001686b000 Uncommon trap: reason=bimorphic action=maybe_recompile pc=0x000000000280e854 method=java.util.HashMap.getNode(ILjava/lang/Object;)Ljava/util/HashMap$Node; @ 126
Event: 12.475 Thread 0x0000000002500800 Uncommon trap: reason=unstable_if action=reinterpret pc=0x0000000002a0511c method=com.android.dx.ssa.SCCP.simulateStmt(Lcom/android/dx/ssa/SsaInsn;)V @ 53
Event: 13.410 Thread 0x00000000167ec000 Uncommon trap: reason=unstable_if action=reinterpret pc=0x000000000290ef98 method=com.android.dx.rop.code.LocalItem.hashCode()I @ 25
Event: 13.410 Thread 0x00000000167ec000 Uncommon trap: reason=unstable_if action=reinterpret pc=0x00000000028c2e5c method=com.android.dx.rop.code.LocalItem.hashCode()I @ 25

Internal exceptions (2 events):
Event: 0.984 Thread 0x0000000002500800 Exception <a 'java/lang/NoSuchMethodError': Method sun.misc.Unsafe.defineClass(Ljava/lang/String;[BII)Ljava/lang/Class; name or signature does not match> (0x00000000eab07cc0) thrown at [D:\re\workspace\8-2-build-windows-amd64-cygwin\jdk8u77\6540\hotspot\sru£!G-}ï?
Event: 0.984 Thread 0x0000000002500800 Exception <a 'java/lang/NoSuchMethodError': Method sun.misc.Unsafe.prefetchRead(Ljava/lang/Object;J)V name or signature does not match> (0x00000000eab07fa8) thrown at [D:\re\workspace\8-2-build-windows-amd64-cygwin\jdk8u77\6540\hotspot\src\share\vm\prims\j

Events (10 events):
Event: 12.506 Executing VM operation: ForceSafepoint
Event: 12.623 Executing VM operation: ForceSafepoint done
Event: 12.638 Executing VM operation: ParallelGCFailedAllocation
Event: 13.037 Executing VM operation: ParallelGCFailedAllocation done
Event: 13.410 Thread 0x00000000167ec000 Uncommon trap: trap_request=0xffffff65 fr.pc=0x000000000290ef98
Event: 13.410 Thread 0x00000000167ec000 DEOPT PACKING pc=0x000000000290ef98 sp=0x000000001710e500
Event: 13.410 Thread 0x00000000167ec000 DEOPT UNPACKING pc=0x000000000264582a sp=0x000000001710e268 mode 2
Event: 13.410 Thread 0x00000000167ec000 Uncommon trap: trap_request=0xffffff65 fr.pc=0x00000000028c2e5c
Event: 13.410 Thread 0x00000000167ec000 DEOPT PACKING pc=0x00000000028c2e5c sp=0x000000001710e390
Event: 13.410 Thread 0x00000000167ec000 DEOPT UNPACKING pc=0x000000000264582a sp=0x000000001710e2e0 mode 2


Dynamic libraries:
0x00007ff6b7a90000 - 0x00007ff6b7ac7000 	C:\Program Files\Java\jdk1.8.0_77\bin\java.exe
0x00007ffd514f0000 - 0x00007ffd5169a000 	C:\Windows\SYSTEM32\ntdll.dll
0x00007ffd4f7f0000 - 0x00007ffd4f92a000 	C:\Windows\system32\KERNEL32.DLL
0x00007ffd4eb60000 - 0x00007ffd4ec6f000 	C:\Windows\system32\KERNELBASE.dll
0x00007ffd4d440000 - 0x00007ffd4d4c8000 	C:\Windows\system32\apphelp.dll
0x00007ffd388b0000 - 0x00007ffd388ff000 	C:\Windows\AppPatch\AppPatch64\AcGenral.DLL
0x00007ffd4f0a0000 - 0x00007ffd4f147000 	C:\Windows\system32\msvcrt.dll
0x00007ffd4e6c0000 - 0x00007ffd4e6eb000 	C:\Windows\SYSTEM32\SspiCli.dll
0x00007ffd4ed70000 - 0x00007ffd4edc1000 	C:\Windows\system32\SHLWAPI.dll
0x00007ffd4f3d0000 - 0x00007ffd4f541000 	C:\Windows\system32\USER32.dll
0x00007ffd51310000 - 0x00007ffd51488000 	C:\Windows\system32\ole32.dll
0x00007ffd4f9f0000 - 0x00007ffd50e07000 	C:\Windows\system32\SHELL32.dll
0x00007ffd4dea0000 - 0x00007ffd4debe000 	C:\Windows\SYSTEM32\USERENV.dll
0x00007ffd4f560000 - 0x00007ffd4f605000 	C:\Windows\system32\ADVAPI32.dll
0x00007ffd48340000 - 0x00007ffd4835b000 	C:\Windows\SYSTEM32\MPR.dll
0x00007ffd50e10000 - 0x00007ffd50f46000 	C:\Windows\system32\RPCRT4.dll
0x00007ffd4f150000 - 0x00007ffd4f1a7000 	C:\Windows\SYSTEM32\sechost.dll
0x00007ffd50f50000 - 0x00007ffd51126000 	C:\Windows\SYSTEM32\combase.dll
0x00007ffd4f260000 - 0x00007ffd4f3a5000 	C:\Windows\system32\GDI32.dll
0x00007ffd4e860000 - 0x00007ffd4e874000 	C:\Windows\SYSTEM32\profapi.dll
0x00007ffd4ce70000 - 0x00007ffd4cf0f000 	C:\Windows\SYSTEM32\SHCORE.dll
0x00007ffd512d0000 - 0x00007ffd51304000 	C:\Windows\system32\IMM32.DLL
0x00007ffd51130000 - 0x00007ffd51269000 	C:\Windows\system32\MSCTF.dll
0x00007ffd4e810000 - 0x00007ffd4e841000 	C:\Windows\system32\nvinitx.dll
0x00007ffd4e800000 - 0x00007ffd4e80a000 	C:\Windows\SYSTEM32\VERSION.dll
0x0000000063690000 - 0x0000000063696000 	C:\Program Files\NVIDIA Corporation\CoProcManager\_etoured.dll
0x00007ffd4cc60000 - 0x00007ffd4cc92000 	C:\Program Files\NVIDIA Corporation\CoProcManager\nvd3d9wrapx.dll
0x00007ffd4f610000 - 0x00007ffd4f7e4000 	C:\Windows\system32\SETUPAPI.dll
0x00007ffd4ec70000 - 0x00007ffd4ecba000 	C:\Windows\system32\CFGMGR32.dll
0x00007ffd4c9d0000 - 0x00007ffd4c9f2000 	C:\Program Files\NVIDIA Corporation\CoProcManager\nvdxgiwrapx.dll
0x00007ffd4ca00000 - 0x00007ffd4cc5a000 	C:\Windows\WinSxS\amd64_microsoft.windows.common-controls_6595b64144ccf1df_6.0.9600.17031_none_6242a4b3ecbb55a1\COMCTL32.dll
0x00000000620b0000 - 0x0000000062182000 	C:\Program Files\Java\jdk1.8.0_77\jre\bin\msvcr100.dll
0x0000000062530000 - 0x0000000062dc0000 	C:\Program Files\Java\jdk1.8.0_77\jre\bin\server\jvm.dll
0x00007ffd4be40000 - 0x00007ffd4be49000 	C:\Windows\SYSTEM32\WSOCK32.dll
0x00007ffd40a30000 - 0x00007ffd40a4f000 	C:\Windows\SYSTEM32\WINMM.dll
0x00007ffd4f9e0000 - 0x00007ffd4f9e7000 	C:\Windows\system32\PSAPI.DLL
0x00007ffd51490000 - 0x00007ffd514e8000 	C:\Windows\system32\WS2_32.dll
0x00007ffd40a00000 - 0x00007ffd40a2a000 	C:\Windows\SYSTEM32\WINMMBASE.dll
0x00007ffd4efd0000 - 0x00007ffd4efd9000 	C:\Windows\system32\NSI.dll
0x00007ffd4d6a0000 - 0x00007ffd4d6c6000 	C:\Windows\SYSTEM32\DEVOBJ.dll
0x0000000062520000 - 0x000000006252f000 	C:\Program Files\Java\jdk1.8.0_77\jre\bin\verify.dll
0x00000000624f0000 - 0x0000000062519000 	C:\Program Files\Java\jdk1.8.0_77\jre\bin\java.dll
0x00000000624d0000 - 0x00000000624e6000 	C:\Program Files\Java\jdk1.8.0_77\jre\bin\zip.dll

VM Arguments:
jvm_args: -Xmx1024M -Dfile.encoding=windows-1251 -Duser.country=RU -Duser.language=ru -Duser.variant 
java_command: com.android.dx.command.Main --dex --num-threads=4 --output D:\Documents\AndroidStudioProjects\Snake\app\build\intermediates\pre-dexed\debug\classes-26bb3e87a9fac877de9de9cbd2c78b918a4cd7bb.jar D:\Documents\AndroidStudioProjects\Snake\app\build\intermediates\exploded-aar\com.android.support\support-v4\23.0.1\jars\classes.jar
java_class_path (initial): D:\Documents\AndroidStudioSDK\build-tools\23.0.1\lib\dx.jar
Launcher Type: SUN_STANDARD

Environment Variables:
PATH=C:\ProgramData\Oracle\Java\javapath;C:\Windows\system32;C:\Windows;C:\Windows\System32\Wbem;C:\Windows\System32\WindowsPowerShell\v1.0\;C:\Program Files (x86)\Skype\Phone\;C:\Program Files (x86)\NVIDIA Corporation\PhysX\Common;C:\Users\kjkj\.dnx\bin;C:\Program Files\Microsoft DNX\Dnvm\;C:\Program Files (x86)\Windows Kits\8.1\Windows Performance Toolkit\;C:\Program Files\Microsoft SQL Server\Client SDK\ODBC\110\Tools\Binn\;C:\Program Files (x86)\Microsoft SQL Server\120\Tools\Binn\;C:\Program Files\Microsoft SQL Server\120\Tools\Binn\;C:\Program Files\Microsoft SQL Server\120\DTS\Binn\;C:\Program Files\Git\cmd;C:\Program Files (x86)\Microsoft SQL Server\120\Tools\Binn\ManagementStudio\;C:\Program Files (x86)\Microsoft SQL Server\120\DTS\Binn\
USERNAME=kjkj
OS=Windows_NT
PROCESSOR_IDENTIFIER=Intel64 Family 6 Model 42 Stepping 7, GenuineIntel



---------------  S Y S T E M  ---------------

OS: Windows 8.1 , 64 bit Build 9600 (6.3.9600.17056)

CPU:total 4 (2 cores per cpu, 2 threads per core) family 6 model 42 stepping 7, cmov, cx8, fxsr, mmx, sse, sse2, sse3, ssse3, sse4.1, sse4.2, popcnt, avx, clmul, ht, tsc, tscinvbit

Memory: 4k page, physical 4042608k(28884k free), swap 6139760k(135868k free)

vm_info: Java HotSpot(TM) 64-Bit Server VM (25.77-b03) for windows-amd64 JRE (1.8.0_77-b03), built on Mar 20 2016 22:01:33 by "java_re" with MS VC++ 10.0 (VS2010)

time: Sat Apr 02 19:56:32 2016
elapsed time: 14 seconds (0d 0h 0m 14s)

