#
# There is insufficient memory for the Java Runtime Environment to continue.
# Native memory allocation (malloc) failed to allocate 176096 bytes for Chunk::new
# Possible reasons:
#   The system is out of physical RAM or swap space
#   In 32 bit mode, the process size limit was hit
# Possible solutions:
#   Reduce memory load on the system
#   Increase physical memory or swap space
#   Check if swap backing store is full
#   Use 64 bit Java on a 64 bit OS
#   Decrease Java heap size (-Xmx/-Xms)
#   Decrease number of Java threads
#   Decrease Java thread stack sizes (-Xss)
#   Set larger code cache with -XX:ReservedCodeCacheSize=
# This output file may be truncated or incomplete.
#
#  Out of Memory Error (allocation.cpp:390), pid=5156, tid=4392
#
# JRE version: Java(TM) SE Runtime Environment (8.0_77-b03) (build 1.8.0_77-b03)
# Java VM: Java HotSpot(TM) 64-Bit Server VM (25.77-b03 mixed mode windows-amd64 compressed oops)
# Failed to write core dump. Minidumps are not enabled by default on client versions of Windows
#

---------------  T H R E A D  ---------------

Current thread (0x0000000014d32000):  JavaThread "C2 CompilerThread1" daemon [_thread_in_native, id=4392, stack(0x0000000016390000,0x0000000016490000)]

Stack: [0x0000000016390000,0x0000000016490000]
[error occurred during error reporting (printing stack bounds), id 0xc0000005]

Native frames: (J=compiled Java code, j=interpreted, Vv=VM code, C=native code)


Current CompileTask:
C2:  25371 2093 %     4       com.android.dx.dex.code.OutputFinisher::calculateReservedCount @ 16 (122 bytes)


---------------  P R O C E S S  ---------------

Java Threads: ( => current thread )
  0x0000000014d8a000 JavaThread "Service Thread" daemon [_thread_blocked, id=2052, stack(0x0000000016590000,0x0000000016690000)]
  0x0000000014d50800 JavaThread "C1 CompilerThread2" daemon [_thread_in_vm, id=3496, stack(0x0000000016490000,0x0000000016590000)]
=>0x0000000014d32000 JavaThread "C2 CompilerThread1" daemon [_thread_in_native, id=4392, stack(0x0000000016390000,0x0000000016490000)]
  0x0000000014d2e000 JavaThread "C2 CompilerThread0" daemon [_thread_in_native, id=5148, stack(0x0000000016290000,0x0000000016390000)]
  0x0000000014d2c800 JavaThread "Attach Listener" daemon [_thread_blocked, id=4784, stack(0x0000000016190000,0x0000000016290000)]
  0x0000000014d2c000 JavaThread "Signal Dispatcher" daemon [_thread_blocked, id=6056, stack(0x0000000016090000,0x0000000016190000)]
  0x0000000014d1a800 JavaThread "Finalizer" daemon [_thread_blocked, id=1368, stack(0x0000000015f90000,0x0000000016090000)]
  0x000000000264f800 JavaThread "Reference Handler" daemon [_thread_blocked, id=3036, stack(0x0000000015e90000,0x0000000015f90000)]
  0x0000000002560800 JavaThread "main" [_thread_in_vm, id=6076, stack(0x0000000002430000,0x0000000002530000)]

Other Threads:
  0x0000000014cf7800 VMThread [stack: 0x0000000015d90000,0x0000000015e90000] [id=5376]
  0x00000000166ba000 WatcherThread [stack: 0x0000000016a90000,0x0000000016b90000] [id=3960]

VM state:not at safepoint (normal execution)

VM Mutex/Monitor currently owned by a thread: None

Heap:
 PSYoungGen      total 66048K, used 20517K [0x00000000eab00000, 0x00000000eee00000, 0x0000000100000000)
  eden space 63488K, 28% used [0x00000000eab00000,0x00000000ebc91690,0x00000000ee900000)
  from space 2560K, 98% used [0x00000000eeb80000,0x00000000eedf8020,0x00000000eee00000)
  to   space 2560K, 0% used [0x00000000ee900000,0x00000000ee900000,0x00000000eeb80000)
 ParOldGen       total 42496K, used 14158K [0x00000000c0000000, 0x00000000c2980000, 0x00000000eab00000)
  object space 42496K, 33% used [0x00000000c0000000,0x00000000c0dd3b68,0x00000000c2980000)
 Metaspace       used 6641K, capacity 7504K, committed 7680K, reserved 1056768K
  class space    used 617K, capacity 648K, committed 768K, reserved 1048576K

Card table byte_map: [0x0000000011a20000,0x0000000011c30000] byte_map_base: 0x0000000011420000

Marking Bits: (ParMarkBitMap*) 0x0000000062d40600
 Begin Bits: [0x0000000012190000, 0x0000000013190000)
 End Bits:   [0x0000000013190000, 0x0000000014190000)

Polling page: 0x0000000000a00000

CodeCache: size=245760Kb used=9343Kb max_used=9343Kb free=236416Kb
 bounds [0x0000000002660000, 0x0000000002f90000, 0x0000000011660000]
 total_blobs=2464 nmethods=2193 adapters=183
 compilation: enabled

Compilation events (10 events):
Event: 24.989 Thread 0x0000000014d2e000 nmethod 2087 0x0000000002f27810 code [0x0000000002f279a0, 0x0000000002f281d8]
Event: 25.007 Thread 0x0000000014d32000 nmethod 2085 0x0000000002f2ee10 code [0x0000000002f2f060, 0x0000000002f303a0]
Event: 25.029 Thread 0x0000000014d2e000 2091       4       com.android.dx.dex.code.OutputFinisher::assignIndices (46 bytes)
Event: 25.033 Thread 0x0000000014d32000 2092       4       com.android.dx.dex.code.OutputFinisher::makeOpcodesArray (45 bytes)
Event: 25.041 Thread 0x0000000014d32000 nmethod 2092 0x0000000002f27210 code [0x0000000002f27360, 0x0000000002f27658]
Event: 25.042 Thread 0x0000000014d2e000 nmethod 2091 0x0000000002f28dd0 code [0x0000000002f28f60, 0x0000000002f29458]
Event: 25.042 Thread 0x0000000014d32000 2093 %     4       com.android.dx.dex.code.OutputFinisher::calculateReservedCount @ 16 (122 bytes)
Event: 25.044 Thread 0x0000000014d50800 2094       3       com.android.dx.dex.code.LocalList$MakeState::aboutToProcess (127 bytes)
Event: 25.045 Thread 0x0000000014d50800 nmethod 2094 0x0000000002f2de90 code [0x0000000002f2e080, 0x0000000002f2ea28]
Event: 25.046 Thread 0x0000000014d2e000 2095 %     4       com.android.dx.dex.code.OutputFinisher::align64bits @ 44 (247 bytes)

GC Heap History (8 events):
Event: 9.770 GC heap before
{Heap before GC invocations=1 (full 0):
 PSYoungGen      total 18432K, used 15872K [0x00000000eab00000, 0x00000000ebf80000, 0x0000000100000000)
  eden space 15872K, 100% used [0x00000000eab00000,0x00000000eba80000,0x00000000eba80000)
  from space 2560K, 0% used [0x00000000ebd00000,0x00000000ebd00000,0x00000000ebf80000)
  to   space 2560K, 0% used [0x00000000eba80000,0x00000000eba80000,0x00000000ebd00000)
 ParOldGen       total 42496K, used 0K [0x00000000c0000000, 0x00000000c2980000, 0x00000000eab00000)
  object space 42496K, 0% used [0x00000000c0000000,0x00000000c0000000,0x00000000c2980000)
 Metaspace       used 5750K, capacity 6768K, committed 7040K, reserved 1056768K
  class space    used 592K, capacity 616K, committed 640K, reserved 1048576K
Event: 10.068 GC heap after
Heap after GC invocations=1 (full 0):
 PSYoungGen      total 18432K, used 2554K [0x00000000eab00000, 0x00000000ecf00000, 0x0000000100000000)
  eden space 15872K, 0% used [0x00000000eab00000,0x00000000eab00000,0x00000000eba80000)
  from space 2560K, 99% used [0x00000000eba80000,0x00000000ebcfeab8,0x00000000ebd00000)
  to   space 2560K, 0% used [0x00000000ecc80000,0x00000000ecc80000,0x00000000ecf00000)
 ParOldGen       total 42496K, used 1690K [0x00000000c0000000, 0x00000000c2980000, 0x00000000eab00000)
  object space 42496K, 3% used [0x00000000c0000000,0x00000000c01a6888,0x00000000c2980000)
 Metaspace       used 5750K, capacity 6768K, committed 7040K, reserved 1056768K
  class space    used 592K, capacity 616K, committed 640K, reserved 1048576K
}
Event: 11.736 GC heap before
{Heap before GC invocations=2 (full 0):
 PSYoungGen      total 18432K, used 18426K [0x00000000eab00000, 0x00000000ecf00000, 0x0000000100000000)
  eden space 15872K, 100% used [0x00000000eab00000,0x00000000eba80000,0x00000000eba80000)
  from space 2560K, 99% used [0x00000000eba80000,0x00000000ebcfeab8,0x00000000ebd00000)
  to   space 2560K, 0% used [0x00000000ecc80000,0x00000000ecc80000,0x00000000ecf00000)
 ParOldGen       total 42496K, used 1690K [0x00000000c0000000, 0x00000000c2980000, 0x00000000eab00000)
  object space 42496K, 3% used [0x00000000c0000000,0x00000000c01a6888,0x00000000c2980000)
 Metaspace       used 6023K, capacity 7024K, committed 7296K, reserved 1056768K
  class space    used 595K, capacity 616K, committed 640K, reserved 1048576K
Event: 12.026 GC heap after
Heap after GC invocations=2 (full 0):
 PSYoungGen      total 34304K, used 2551K [0x00000000eab00000, 0x00000000ecf00000, 0x0000000100000000)
  eden space 31744K, 0% used [0x00000000eab00000,0x00000000eab00000,0x00000000eca00000)
  from space 2560K, 99% used [0x00000000ecc80000,0x00000000ecefdc88,0x00000000ecf00000)
  to   space 2560K, 0% used [0x00000000eca00000,0x00000000eca00000,0x00000000ecc80000)
 ParOldGen       total 42496K, used 3892K [0x00000000c0000000, 0x00000000c2980000, 0x00000000eab00000)
  object space 42496K, 9% used [0x00000000c0000000,0x00000000c03cd200,0x00000000c2980000)
 Metaspace       used 6023K, capacity 7024K, committed 7296K, reserved 1056768K
  class space    used 595K, capacity 616K, committed 640K, reserved 1048576K
}
Event: 15.434 GC heap before
{Heap before GC invocations=3 (full 0):
 PSYoungGen      total 34304K, used 34295K [0x00000000eab00000, 0x00000000ecf00000, 0x0000000100000000)
  eden space 31744K, 100% used [0x00000000eab00000,0x00000000eca00000,0x00000000eca00000)
  from space 2560K, 99% used [0x00000000ecc80000,0x00000000ecefdc88,0x00000000ecf00000)
  to   space 2560K, 0% used [0x00000000eca00000,0x00000000eca00000,0x00000000ecc80000)
 ParOldGen       total 42496K, used 3892K [0x00000000c0000000, 0x00000000c2980000, 0x00000000eab00000)
  object space 42496K, 9% used [0x00000000c0000000,0x00000000c03cd200,0x00000000c2980000)
 Metaspace       used 6158K, capacity 7088K, committed 7296K, reserved 1056768K
  class space    used 595K, capacity 616K, committed 640K, reserved 1048576K
Event: 15.507 GC heap after
Heap after GC invocations=3 (full 0):
 PSYoungGen      total 34304K, used 2544K [0x00000000eab00000, 0x00000000eee00000, 0x0000000100000000)
  eden space 31744K, 0% used [0x00000000eab00000,0x00000000eab00000,0x00000000eca00000)
  from space 2560K, 99% used [0x00000000eca00000,0x00000000ecc7c010,0x00000000ecc80000)
  to   space 2560K, 0% used [0x00000000eeb80000,0x00000000eeb80000,0x00000000eee00000)
 ParOldGen       total 42496K, used 8795K [0x00000000c0000000, 0x00000000c2980000, 0x00000000eab00000)
  object space 42496K, 20% used [0x00000000c0000000,0x00000000c0896c00,0x00000000c2980000)
 Metaspace       used 6158K, capacity 7088K, committed 7296K, reserved 1056768K
  class space    used 595K, capacity 616K, committed 640K, reserved 1048576K
}
Event: 18.124 GC heap before
{Heap before GC invocations=4 (full 0):
 PSYoungGen      total 34304K, used 34288K [0x00000000eab00000, 0x00000000eee00000, 0x0000000100000000)
  eden space 31744K, 100% used [0x00000000eab00000,0x00000000eca00000,0x00000000eca00000)
  from space 2560K, 99% used [0x00000000eca00000,0x00000000ecc7c010,0x00000000ecc80000)
  to   space 2560K, 0% used [0x00000000eeb80000,0x00000000eeb80000,0x00000000eee00000)
 ParOldGen       total 42496K, used 8795K [0x00000000c0000000, 0x00000000c2980000, 0x00000000eab00000)
  object space 42496K, 20% used [0x00000000c0000000,0x00000000c0896c00,0x00000000c2980000)
 Metaspace       used 6227K, capacity 7152K, committed 7296K, reserved 1056768K
  class space    used 596K, capacity 616K, committed 640K, reserved 1048576K
Event: 18.803 GC heap after
Heap after GC invocations=4 (full 0):
 PSYoungGen      total 66048K, used 2528K [0x00000000eab00000, 0x00000000eee00000, 0x0000000100000000)
  eden space 63488K, 0% used [0x00000000eab00000,0x00000000eab00000,0x00000000ee900000)
  from space 2560K, 98% used [0x00000000eeb80000,0x00000000eedf8020,0x00000000eee00000)
  to   space 2560K, 0% used [0x00000000ee900000,0x00000000ee900000,0x00000000eeb80000)
 ParOldGen       total 42496K, used 14158K [0x00000000c0000000, 0x00000000c2980000, 0x00000000eab00000)
  object space 42496K, 33% used [0x00000000c0000000,0x00000000c0dd3b68,0x00000000c2980000)
 Metaspace       used 6227K, capacity 7152K, committed 7296K, reserved 1056768K
  class space    used 596K, capacity 616K, committed 640K, reserved 1048576K
}

Deoptimization events (10 events):
Event: 21.832 Thread 0x0000000002560800 Uncommon trap: reason=bimorphic action=maybe_recompile pc=0x0000000002e62eb0 method=java.util.HashMap.putVal(ILjava/lang/Object;Ljava/lang/Object;ZZ)Ljava/lang/Object; @ 203
Event: 21.832 Thread 0x0000000002560800 Uncommon trap: reason=bimorphic action=maybe_recompile pc=0x0000000002e62eb0 method=java.util.HashMap.putVal(ILjava/lang/Object;Ljava/lang/Object;ZZ)Ljava/lang/Object; @ 203
Event: 21.832 Thread 0x0000000002560800 Uncommon trap: reason=bimorphic action=maybe_recompile pc=0x0000000002e64790 method=java.util.HashMap.putVal(ILjava/lang/Object;Ljava/lang/Object;ZZ)Ljava/lang/Object; @ 203
Event: 23.782 Thread 0x0000000002560800 Uncommon trap: reason=speculate_class_check action=maybe_recompile pc=0x0000000002a01dcc method=com.android.dx.util.FixedSizeList.equals(Ljava/lang/Object;)Z @ 25
Event: 23.782 Thread 0x0000000002560800 Uncommon trap: reason=speculate_class_check action=maybe_recompile pc=0x0000000002a01dcc method=com.android.dx.util.FixedSizeList.equals(Ljava/lang/Object;)Z @ 25
Event: 23.782 Thread 0x0000000002560800 Uncommon trap: reason=speculate_class_check action=maybe_recompile pc=0x0000000002a01dcc method=com.android.dx.util.FixedSizeList.equals(Ljava/lang/Object;)Z @ 25
Event: 23.782 Thread 0x0000000002560800 Uncommon trap: reason=speculate_class_check action=maybe_recompile pc=0x0000000002a01dcc method=com.android.dx.util.FixedSizeList.equals(Ljava/lang/Object;)Z @ 25
Event: 24.254 Thread 0x0000000002560800 Uncommon trap: reason=unstable_if action=reinterpret pc=0x0000000002ed2800 method=com.android.dx.dex.code.OutputFinisher.findOpcodeForInsn(Lcom/android/dx/dex/code/DalvInsn;Lcom/android/dx/dex/code/Dop;)Lcom/android/dx/dex/code/Dop; @ 1
Event: 24.639 Thread 0x0000000002560800 Uncommon trap: reason=unstable_if action=reinterpret pc=0x0000000002d02b88 method=java.util.TreeMap.put(Ljava/lang/Object;Ljava/lang/Object;)Ljava/lang/Object; @ 163
Event: 25.027 Thread 0x0000000002560800 Uncommon trap: reason=unstable_if action=reinterpret pc=0x0000000002f2a18c method=com.android.dx.dex.code.LocalList$MakeState.aboutToProcess(II)V @ 54

Internal exceptions (4 events):
Event: 0.659 Thread 0x0000000002560800 Exception <a 'java/lang/NoSuchMethodError': Method sun.misc.Unsafe.defineClass(Ljava/lang/String;[BII)Ljava/lang/Class; name or signature does not match> (0x00000000eab07cc0) thrown at [D:\re\workspace\8-2-build-windows-amd64-cygwin\jdk8u77\6540\hotspot\sr»√π9Â?
Event: 0.659 Thread 0x0000000002560800 Exception <a 'java/lang/NoSuchMethodError': Method sun.misc.Unsafe.prefetchRead(Ljava/lang/Object;J)V name or signature does not match> (0x00000000eab07fa8) thrown at [D:\re\workspace\8-2-build-windows-amd64-cygwin\jdk8u77\6540\hotspot\src\share\vm\prims\j 8Su56$@
Event: 10.106 Thread 0x0000000016901000 Implicit null exception at 0x00000000029d6562 to 0x00000000029d6652
Event: 10.589 Thread 0x0000000002560800 Implicit null exception at 0x0000000002ab5b44 to 0x0000000002ab6925

Events (10 events):
Event: 24.254 Thread 0x0000000002560800 DEOPT PACKING pc=0x0000000002ed2800 sp=0x000000000252e9c0
Event: 24.254 Thread 0x0000000002560800 DEOPT UNPACKING pc=0x00000000026a582a sp=0x000000000252e960 mode 2
Event: 24.254 loading class com/android/dx/rop/code/RegisterSpecList$Expander
Event: 24.254 loading class com/android/dx/rop/code/RegisterSpecList$Expander done
Event: 24.639 Thread 0x0000000002560800 Uncommon trap: trap_request=0xffffff65 fr.pc=0x0000000002d02b88
Event: 24.639 Thread 0x0000000002560800 DEOPT PACKING pc=0x0000000002d02b88 sp=0x000000000252eb70
Event: 24.639 Thread 0x0000000002560800 DEOPT UNPACKING pc=0x00000000026a582a sp=0x000000000252eb10 mode 2
Event: 25.027 Thread 0x0000000002560800 Uncommon trap: trap_request=0xffffff65 fr.pc=0x0000000002f2a18c
Event: 25.027 Thread 0x0000000002560800 DEOPT PACKING pc=0x0000000002f2a18c sp=0x000000000252e9c0
Event: 25.027 Thread 0x0000000002560800 DEOPT UNPACKING pc=0x00000000026a582a sp=0x000000000252e978 mode 2


Dynamic libraries:
0x00007ff7c4100000 - 0x00007ff7c4137000 	C:\Program Files\Java\jdk1.8.0_77\bin\java.exe
0x00007ffd514f0000 - 0x00007ffd5169a000 	C:\Windows\SYSTEM32\ntdll.dll
0x00007ffd4f7f0000 - 0x00007ffd4f92a000 	C:\Windows\system32\KERNEL32.DLL
0x00007ffd4eb60000 - 0x00007ffd4ec6f000 	C:\Windows\system32\KERNELBASE.dll
0x00007ffd4d440000 - 0x00007ffd4d4c8000 	C:\Windows\system32\apphelp.dll
0x00007ffd35b30000 - 0x00007ffd35b7f000 	C:\Windows\AppPatch\AppPatch64\AcGenral.DLL
0x00007ffd4f0a0000 - 0x00007ffd4f147000 	C:\Windows\system32\msvcrt.dll
0x00007ffd4e6c0000 - 0x00007ffd4e6eb000 	C:\Windows\SYSTEM32\SspiCli.dll
0x00007ffd4ed70000 - 0x00007ffd4edc1000 	C:\Windows\system32\SHLWAPI.dll
0x00007ffd4f3d0000 - 0x00007ffd4f541000 	C:\Windows\system32\USER32.dll
0x00007ffd51310000 - 0x00007ffd51488000 	C:\Windows\system32\ole32.dll
0x00007ffd4f9f0000 - 0x00007ffd50e07000 	C:\Windows\system32\SHELL32.dll
0x00007ffd4dea0000 - 0x00007ffd4debe000 	C:\Windows\SYSTEM32\USERENV.dll
0x00007ffd4f560000 - 0x00007ffd4f605000 	C:\Windows\system32\ADVAPI32.dll
0x00007ffd48340000 - 0x00007ffd4835b000 	C:\Windows\SYSTEM32\MPR.dll
0x00007ffd50e10000 - 0x00007ffd50f46000 	C:\Windows\system32\RPCRT4.dll
0x00007ffd4f150000 - 0x00007ffd4f1a7000 	C:\Windows\SYSTEM32\sechost.dll
0x00007ffd50f50000 - 0x00007ffd51126000 	C:\Windows\SYSTEM32\combase.dll
0x00007ffd4f260000 - 0x00007ffd4f3a5000 	C:\Windows\system32\GDI32.dll
0x00007ffd4e860000 - 0x00007ffd4e874000 	C:\Windows\SYSTEM32\profapi.dll
0x00007ffd4ce70000 - 0x00007ffd4cf0f000 	C:\Windows\SYSTEM32\SHCORE.dll
0x00007ffd512d0000 - 0x00007ffd51304000 	C:\Windows\system32\IMM32.DLL
0x00007ffd51130000 - 0x00007ffd51269000 	C:\Windows\system32\MSCTF.dll
0x00007ffd4e810000 - 0x00007ffd4e841000 	C:\Windows\system32\nvinitx.dll
0x00007ffd4e800000 - 0x00007ffd4e80a000 	C:\Windows\SYSTEM32\VERSION.dll
0x0000000063690000 - 0x0000000063696000 	C:\Program Files\NVIDIA Corporation\CoProcManager\_etoured.dll
0x00007ffd4cc60000 - 0x00007ffd4cc92000 	C:\Program Files\NVIDIA Corporation\CoProcManager\nvd3d9wrapx.dll
0x00007ffd4f610000 - 0x00007ffd4f7e4000 	C:\Windows\system32\SETUPAPI.dll
0x00007ffd4ec70000 - 0x00007ffd4ecba000 	C:\Windows\system32\CFGMGR32.dll
0x00007ffd4c9d0000 - 0x00007ffd4c9f2000 	C:\Program Files\NVIDIA Corporation\CoProcManager\nvdxgiwrapx.dll
0x00007ffd4ca00000 - 0x00007ffd4cc5a000 	C:\Windows\WinSxS\amd64_microsoft.windows.common-controls_6595b64144ccf1df_6.0.9600.17031_none_6242a4b3ecbb55a1\COMCTL32.dll
0x00000000620b0000 - 0x0000000062182000 	C:\Program Files\Java\jdk1.8.0_77\jre\bin\msvcr100.dll
0x0000000062530000 - 0x0000000062dc0000 	C:\Program Files\Java\jdk1.8.0_77\jre\bin\server\jvm.dll
0x00007ffd403a0000 - 0x00007ffd403a9000 	C:\Windows\SYSTEM32\WSOCK32.dll
0x00007ffd40a30000 - 0x00007ffd40a4f000 	C:\Windows\SYSTEM32\WINMM.dll
0x00007ffd4f9e0000 - 0x00007ffd4f9e7000 	C:\Windows\system32\PSAPI.DLL
0x00007ffd51490000 - 0x00007ffd514e8000 	C:\Windows\system32\WS2_32.dll
0x00007ffd40a00000 - 0x00007ffd40a2a000 	C:\Windows\SYSTEM32\WINMMBASE.dll
0x00007ffd4efd0000 - 0x00007ffd4efd9000 	C:\Windows\system32\NSI.dll
0x00007ffd4d6a0000 - 0x00007ffd4d6c6000 	C:\Windows\SYSTEM32\DEVOBJ.dll
0x0000000062520000 - 0x000000006252f000 	C:\Program Files\Java\jdk1.8.0_77\jre\bin\verify.dll
0x00000000624f0000 - 0x0000000062519000 	C:\Program Files\Java\jdk1.8.0_77\jre\bin\java.dll
0x00000000624d0000 - 0x00000000624e6000 	C:\Program Files\Java\jdk1.8.0_77\jre\bin\zip.dll

VM Arguments:
jvm_args: -Xmx1024M -Dfile.encoding=windows-1251 -Duser.country=RU -Duser.language=ru -Duser.variant 
java_command: com.android.dx.command.Main --dex --num-threads=4 --output D:\Documents\AndroidStudioProjects\Snake\app\build\intermediates\pre-dexed\debug\internal_impl-23.0.1-ffe5d40b5c5107c949edbb288f0dab2d4ca20949.jar D:\Documents\AndroidStudioProjects\Snake\app\build\intermediates\exploded-aar\com.android.support\support-v4\23.0.1\jars\libs\internal_impl-23.0.1.jar
java_class_path (initial): D:\Documents\AndroidStudioSDK\build-tools\23.0.1\lib\dx.jar
Launcher Type: SUN_STANDARD

Environment Variables:
PATH=C:\ProgramData\Oracle\Java\javapath;C:\Windows\system32;C:\Windows;C:\Windows\System32\Wbem;C:\Windows\System32\WindowsPowerShell\v1.0\;C:\Program Files (x86)\Skype\Phone\;C:\Program Files (x86)\NVIDIA Corporation\PhysX\Common;C:\Users\kjkj\.dnx\bin;C:\Program Files\Microsoft DNX\Dnvm\;C:\Program Files (x86)\Windows Kits\8.1\Windows Performance Toolkit\;C:\Program Files\Microsoft SQL Server\Client SDK\ODBC\110\Tools\Binn\;C:\Program Files (x86)\Microsoft SQL Server\120\Tools\Binn\;C:\Program Files\Microsoft SQL Server\120\Tools\Binn\;C:\Program Files\Microsoft SQL Server\120\DTS\Binn\;C:\Program Files\Git\cmd;C:\Program Files (x86)\Microsoft SQL Server\120\Tools\Binn\ManagementStudio\;C:\Program Files (x86)\Microsoft SQL Server\120\DTS\Binn\
USERNAME=kjkj
OS=Windows_NT
PROCESSOR_IDENTIFIER=Intel64 Family 6 Model 42 Stepping 7, GenuineIntel



---------------  S Y S T E M  ---------------

OS: Windows 8.1 , 64 bit Build 9600 (6.3.9600.17056)

CPU:total 4 (2 cores per cpu, 2 threads per core) family 6 model 42 stepping 7, cmov, cx8, fxsr, mmx, sse, sse2, sse3, ssse3, sse4.1, sse4.2, popcnt, avx, clmul, ht, tsc, tscinvbit

Memory: 4k page, physical 4042608k(35000k free), swap 6139760k(5124k free)

vm_info: Java HotSpot(TM) 64-Bit Server VM (25.77-b03) for windows-amd64 JRE (1.8.0_77-b03), built on Mar 20 2016 22:01:33 by "java_re" with MS VC++ 10.0 (VS2010)

time: Sat Apr 02 14:37:06 2016
elapsed time: 25 seconds (0d 0h 0m 25s)

