#
# There is insufficient memory for the Java Runtime Environment to continue.
# Native memory allocation (malloc) failed to allocate 1667936 bytes for Chunk::new
# Possible reasons:
#   The system is out of physical RAM or swap space
#   In 32 bit mode, the process size limit was hit
# Possible solutions:
#   Reduce memory load on the system
#   Increase physical memory or swap space
#   Check if swap backing store is full
#   Use 64 bit Java on a 64 bit OS
#   Decrease Java heap size (-Xmx/-Xms)
#   Decrease number of Java threads
#   Decrease Java thread stack sizes (-Xss)
#   Set larger code cache with -XX:ReservedCodeCacheSize=
# This output file may be truncated or incomplete.
#
#  Out of Memory Error (allocation.cpp:390), pid=3748, tid=5276
#
# JRE version: Java(TM) SE Runtime Environment (8.0_77-b03) (build 1.8.0_77-b03)
# Java VM: Java HotSpot(TM) 64-Bit Server VM (25.77-b03 mixed mode windows-amd64 compressed oops)
# Failed to write core dump. Minidumps are not enabled by default on client versions of Windows
#

---------------  T H R E A D  ---------------

Current thread (0x000000001535e000):  JavaThread "C2 CompilerThread0" daemon [_thread_in_native, id=5276, stack(0x00000000169b0000,0x0000000016ab0000)]

Stack: [0x00000000169b0000,0x0000000016ab0000]
[error occurred during error reporting (printing stack bounds), id 0xc0000005]

Native frames: (J=compiled Java code, j=interpreted, Vv=VM code, C=native code)


Current CompileTask:
C2:  14206 1339   !   4       com.android.dx.cf.code.BytecodeArray::parseInstruction (2764 bytes)


---------------  P R O C E S S  ---------------

Java Threads: ( => current thread )
  0x00000000153be000 JavaThread "Service Thread" daemon [_thread_blocked, id=4136, stack(0x00000000170b0000,0x00000000171b0000)]
  0x00000000153a3800 JavaThread "C1 CompilerThread2" daemon [_thread_blocked, id=3236, stack(0x0000000016bb0000,0x0000000016cb0000)]
  0x0000000015362000 JavaThread "C2 CompilerThread1" daemon [_thread_in_native, id=5952, stack(0x0000000016ab0000,0x0000000016bb0000)]
=>0x000000001535e000 JavaThread "C2 CompilerThread0" daemon [_thread_in_native, id=5276, stack(0x00000000169b0000,0x0000000016ab0000)]
  0x000000001535c800 JavaThread "Attach Listener" daemon [_thread_blocked, id=2504, stack(0x00000000168b0000,0x00000000169b0000)]
  0x000000001535c000 JavaThread "Signal Dispatcher" daemon [_thread_blocked, id=324, stack(0x00000000167b0000,0x00000000168b0000)]
  0x000000001534a800 JavaThread "Finalizer" daemon [_thread_blocked, id=1020, stack(0x00000000165d0000,0x00000000166d0000)]
  0x0000000002b8f800 JavaThread "Reference Handler" daemon [_thread_blocked, id=3760, stack(0x00000000164d0000,0x00000000165d0000)]
  0x0000000002aa0800 JavaThread "main" [_thread_in_native, id=3652, stack(0x0000000002990000,0x0000000002a90000)]

Other Threads:
  0x0000000015327800 VMThread [stack: 0x00000000163d0000,0x00000000164d0000] [id=4308]
  0x0000000016ce9800 WatcherThread [stack: 0x00000000171b0000,0x00000000172b0000] [id=2316]

VM state:not at safepoint (normal execution)

VM Mutex/Monitor currently owned by a thread: None

Heap:
 PSYoungGen      total 34304K, used 15548K [0x00000000eab00000, 0x00000000ecf00000, 0x0000000100000000)
  eden space 31744K, 41% used [0x00000000eab00000,0x00000000eb7b7288,0x00000000eca00000)
  from space 2560K, 98% used [0x00000000ecc80000,0x00000000ecef8010,0x00000000ecf00000)
  to   space 2560K, 0% used [0x00000000eca00000,0x00000000eca00000,0x00000000ecc80000)
 ParOldGen       total 42496K, used 13739K [0x00000000c0000000, 0x00000000c2980000, 0x00000000eab00000)
  object space 42496K, 32% used [0x00000000c0000000,0x00000000c0d6afd8,0x00000000c2980000)
 Metaspace       used 6145K, capacity 7088K, committed 7296K, reserved 1056768K
  class space    used 598K, capacity 616K, committed 640K, reserved 1048576K

Card table byte_map: [0x0000000012050000,0x0000000012260000] byte_map_base: 0x0000000011a50000

Marking Bits: (ParMarkBitMap*) 0x0000000062d40600
 Begin Bits: [0x00000000127c0000, 0x00000000137c0000)
 End Bits:   [0x00000000137c0000, 0x00000000147c0000)

Polling page: 0x00000000010c0000

CodeCache: size=245760Kb used=5919Kb max_used=5919Kb free=239840Kb
 bounds [0x0000000002c90000, 0x0000000003260000, 0x0000000011c90000]
 total_blobs=1745 nmethods=1474 adapters=182
 compilation: enabled

Compilation events (10 events):
Event: 13.504 Thread 0x00000000153a3800 1486       2       com.android.dx.cf.code.ConcreteMethod::<init> (262 bytes)
Event: 13.508 Thread 0x00000000153a3800 nmethod 1486 0x00000000032454d0 code [0x0000000003245720, 0x0000000003245fb8]
Event: 13.508 Thread 0x00000000153a3800 1483       2       com.android.dx.rop.code.ThrowingInsn::withNewRegisters (21 bytes)
Event: 13.508 Thread 0x00000000153a3800 nmethod 1483 0x00000000032468d0 code [0x0000000003246a40, 0x0000000003246c28]
Event: 13.510 Thread 0x00000000153a3800 1487       2       com.android.dx.ssa.PhiInsn::mapSourceRegisters (78 bytes)
Event: 13.512 Thread 0x00000000153a3800 nmethod 1487 0x0000000003246d10 code [0x0000000003246ea0, 0x0000000003247248]
Event: 13.513 Thread 0x00000000153a3800 1488       2       com.android.dx.ssa.ConstCollector$2::map (28 bytes)
Event: 13.513 Thread 0x00000000153a3800 nmethod 1488 0x0000000003247510 code [0x0000000003247680, 0x0000000003247828]
Event: 13.513 Thread 0x00000000153a3800 1489   !   2       com.android.dx.cf.direct.MemberListParser::parse (641 bytes)
Event: 13.523 Thread 0x00000000153a3800 


GC Heap History (6 events):
Event: 11.076 GC heap before
{Heap before GC invocations=1 (full 0):
 PSYoungGen      total 18432K, used 15872K [0x00000000eab00000, 0x00000000ebf80000, 0x0000000100000000)
  eden space 15872K, 100% used [0x00000000eab00000,0x00000000eba80000,0x00000000eba80000)
  from space 2560K, 0% used [0x00000000ebd00000,0x00000000ebd00000,0x00000000ebf80000)
  to   space 2560K, 0% used [0x00000000eba80000,0x00000000eba80000,0x00000000ebd00000)
 ParOldGen       total 42496K, used 0K [0x00000000c0000000, 0x00000000c2980000, 0x00000000eab00000)
  object space 42496K, 0% used [0x00000000c0000000,0x00000000c0000000,0x00000000c2980000)
 Metaspace       used 5716K, capacity 6768K, committed 7040K, reserved 1056768K
  class space    used 593K, capacity 616K, committed 640K, reserved 1048576K
Event: 11.238 GC heap after
Heap after GC invocations=1 (full 0):
 PSYoungGen      total 18432K, used 2551K [0x00000000eab00000, 0x00000000ecf00000, 0x0000000100000000)
  eden space 15872K, 0% used [0x00000000eab00000,0x00000000eab00000,0x00000000eba80000)
  from space 2560K, 99% used [0x00000000eba80000,0x00000000ebcfdc78,0x00000000ebd00000)
  to   space 2560K, 0% used [0x00000000ecc80000,0x00000000ecc80000,0x00000000ecf00000)
 ParOldGen       total 42496K, used 1610K [0x00000000c0000000, 0x00000000c2980000, 0x00000000eab00000)
  object space 42496K, 3% used [0x00000000c0000000,0x00000000c0192a90,0x00000000c2980000)
 Metaspace       used 5716K, capacity 6768K, committed 7040K, reserved 1056768K
  class space    used 593K, capacity 616K, committed 640K, reserved 1048576K
}
Event: 12.274 GC heap before
{Heap before GC invocations=2 (full 0):
 PSYoungGen      total 18432K, used 18423K [0x00000000eab00000, 0x00000000ecf00000, 0x0000000100000000)
  eden space 15872K, 100% used [0x00000000eab00000,0x00000000eba80000,0x00000000eba80000)
  from space 2560K, 99% used [0x00000000eba80000,0x00000000ebcfdc78,0x00000000ebd00000)
  to   space 2560K, 0% used [0x00000000ecc80000,0x00000000ecc80000,0x00000000ecf00000)
 ParOldGen       total 42496K, used 1610K [0x00000000c0000000, 0x00000000c2980000, 0x00000000eab00000)
  object space 42496K, 3% used [0x00000000c0000000,0x00000000c0192a90,0x00000000c2980000)
 Metaspace       used 5966K, capacity 6960K, committed 7040K, reserved 1056768K
  class space    used 595K, capacity 616K, committed 640K, reserved 1048576K
Event: 12.656 GC heap after
Heap after GC invocations=2 (full 0):
 PSYoungGen      total 34304K, used 2554K [0x00000000eab00000, 0x00000000ecf00000, 0x0000000100000000)
  eden space 31744K, 0% used [0x00000000eab00000,0x00000000eab00000,0x00000000eca00000)
  from space 2560K, 99% used [0x00000000ecc80000,0x00000000ecefeaa8,0x00000000ecf00000)
  to   space 2560K, 0% used [0x00000000eca00000,0x00000000eca00000,0x00000000ecc80000)
 ParOldGen       total 42496K, used 4006K [0x00000000c0000000, 0x00000000c2980000, 0x00000000eab00000)
  object space 42496K, 9% used [0x00000000c0000000,0x00000000c03e9ab0,0x00000000c2980000)
 Metaspace       used 5966K, capacity 6960K, committed 7040K, reserved 1056768K
  class space    used 595K, capacity 616K, committed 640K, reserved 1048576K
}
Event: 13.348 GC heap before
{Heap before GC invocations=3 (full 0):
 PSYoungGen      total 34304K, used 34298K [0x00000000eab00000, 0x00000000ecf00000, 0x0000000100000000)
  eden space 31744K, 100% used [0x00000000eab00000,0x00000000eca00000,0x00000000eca00000)
  from space 2560K, 99% used [0x00000000ecc80000,0x00000000ecefeaa8,0x00000000ecf00000)
  to   space 2560K, 0% used [0x00000000eca00000,0x00000000eca00000,0x00000000ecc80000)
 ParOldGen       total 42496K, used 4006K [0x00000000c0000000, 0x00000000c2980000, 0x00000000eab00000)
  object space 42496K, 9% used [0x00000000c0000000,0x00000000c03e9ab0,0x00000000c2980000)
 Metaspace       used 6105K, capacity 7088K, committed 7296K, reserved 1056768K
  class space    used 596K, capacity 616K, committed 640K, reserved 1048576K
Event: 13.416 GC heap after
Heap after GC invocations=3 (full 0):
 PSYoungGen      total 34304K, used 2528K [0x00000000eab00000, 0x00000000ecf00000, 0x0000000100000000)
  eden space 31744K, 0% used [0x00000000eab00000,0x00000000eab00000,0x00000000eca00000)
  from space 2560K, 98% used [0x00000000eca00000,0x00000000ecc78010,0x00000000ecc80000)
  to   space 2560K, 0% used [0x00000000ecc80000,0x00000000ecc80000,0x00000000ecf00000)
 ParOldGen       total 42496K, used 8644K [0x00000000c0000000, 0x00000000c2980000, 0x00000000eab00000)
  object space 42496K, 20% used [0x00000000c0000000,0x00000000c0871020,0x00000000c2980000)
 Metaspace       used 6105K, capacity 7088K, committed 7296K, reserved 1056768K
  class space    used 596K, capacity 616K, committed 640K, reserved 1048576K
}

Deoptimization events (10 events):
Event: 10.374 Thread 0x0000000016f29800 Uncommon trap: reason=unstable_if action=reinterpret pc=0x0000000002ebe89c method=java.util.HashMap.getNode(ILjava/lang/Object;)Ljava/util/HashMap$Node; @ 129
Event: 10.878 Thread 0x0000000016cc9000 Uncommon trap: reason=class_check action=maybe_recompile pc=0x0000000002f569f0 method=com.android.dx.ssa.NormalSsaInsn.accept(Lcom/android/dx/ssa/SsaInsn$Visitor;)V @ 9
Event: 10.878 Thread 0x0000000016cc9000 Uncommon trap: reason=class_check action=maybe_recompile pc=0x0000000002f569f0 method=com.android.dx.ssa.NormalSsaInsn.accept(Lcom/android/dx/ssa/SsaInsn$Visitor;)V @ 9
Event: 10.878 Thread 0x0000000016cc9000 Uncommon trap: reason=class_check action=maybe_recompile pc=0x0000000002f569f0 method=com.android.dx.ssa.NormalSsaInsn.accept(Lcom/android/dx/ssa/SsaInsn$Visitor;)V @ 9
Event: 10.878 Thread 0x0000000016cc9000 Uncommon trap: reason=class_check action=maybe_recompile pc=0x0000000002f569f0 method=com.android.dx.ssa.NormalSsaInsn.accept(Lcom/android/dx/ssa/SsaInsn$Visitor;)V @ 9
Event: 10.878 Thread 0x0000000016cc9000 Uncommon trap: reason=class_check action=maybe_recompile pc=0x0000000002f0ee30 method=com.android.dx.ssa.NormalSsaInsn.accept(Lcom/android/dx/ssa/SsaInsn$Visitor;)V @ 9
Event: 11.292 Thread 0x0000000016f28800 Uncommon trap: reason=null_check action=make_not_entrant pc=0x0000000002fdc020 method=com.android.dx.rop.type.Type.equals(Ljava/lang/Object;)Z @ 8
Event: 12.783 Thread 0x0000000016f29800 Uncommon trap: reason=unstable_if action=reinterpret pc=0x0000000003029644 method=com.android.dx.rop.code.RegisterSpecSet.<init>(I)V @ 2
Event: 13.493 Thread 0x0000000016f29800 Uncommon trap: reason=unstable_if action=reinterpret pc=0x00000000031abc98 method=com.android.dx.ssa.SCCP.simulateBranch(Lcom/android/dx/ssa/SsaInsn;)V @ 64
Event: 13.494 Thread 0x0000000016f29800 Uncommon trap: reason=unloaded action=reinterpret pc=0x000000000319e45c method=com.android.dx.ssa.LiteralOpUpgrader$1.visitNonMoveInsn(Lcom/android/dx/ssa/NormalSsaInsn;)V @ 72

Internal exceptions (5 events):
Event: 0.984 Thread 0x0000000002aa0800 Exception <a 'java/lang/NoSuchMethodError': Method sun.misc.Unsafe.defineClass(Ljava/lang/String;[BII)Ljava/lang/Class; name or signature does not match> (0x00000000eab07cc0) thrown at [D:\re\workspace\8-2-build-windows-amd64-cygwin\jdk8u77\6540\hotspot\sr/\n¶|ï?
Event: 0.984 Thread 0x0000000002aa0800 Exception <a 'java/lang/NoSuchMethodError': Method sun.misc.Unsafe.prefetchRead(Ljava/lang/Object;J)V name or signature does not match> (0x00000000eab07fa8) thrown at [D:\re\workspace\8-2-build-windows-amd64-cygwin\jdk8u77\6540\hotspot\src\share\vm\prims\j†À;K•&@
Event: 11.292 Thread 0x0000000016f28800 Implicit null exception at 0x0000000002fdbf22 to 0x0000000002fdc012
Event: 13.496 Thread 0x0000000016f29800 Exception <a 'java/lang/OutOfMemoryError'> (0x00000000eb45bfd0) thrown at [D:\re\workspace\8-2-build-windows-amd64-cygwin\jdk8u77\6540\hotspot\src\share\vm\prims\jni.cpp, line 735]
Event: 13.496 Thread 0x0000000016f29800 Exception <a 'java/lang/OutOfMemoryError'> (0x00000000eb45bfd0) thrown at [D:\re\workspace\8-2-build-windows-amd64-cygwin\jdk8u77\6540\hotspot\src\share\vm\prims\jvm.cpp, line 1390]

Events (10 events):
Event: 13.443 Thread 0x00000000153a3800 flushing nmethod 0x0000000002dd4d90
Event: 13.443 Thread 0x00000000153a3800 flushing nmethod 0x0000000002de3c90
Event: 13.443 Thread 0x00000000153a3800 flushing nmethod 0x0000000002de71d0
Event: 13.493 Thread 0x0000000016f29800 Uncommon trap: trap_request=0xffffff65 fr.pc=0x00000000031abc98
Event: 13.493 Thread 0x0000000016f29800 DEOPT PACKING pc=0x00000000031abc98 sp=0x00000000177ae920
Event: 13.493 Thread 0x0000000016f29800 DEOPT UNPACKING pc=0x0000000002cd582a sp=0x00000000177ae940 mode 2
Event: 13.494 Thread 0x0000000016f29800 Uncommon trap: trap_request=0x0000004e fr.pc=0x000000000319e45c
Event: 13.494 loading class com/android/dx/rop/code/RegOps
Event: 13.494 loading class com/android/dx/rop/code/RegOps done
Event: 13.496 loading class java/security/PrivilegedActionException


Dynamic libraries:
0x00007ff6b7a90000 - 0x00007ff6b7ac7000 	C:\Program Files\Java\jdk1.8.0_77\bin\java.exe
0x00007ffd514f0000 - 0x00007ffd5169a000 	C:\Windows\SYSTEM32\ntdll.dll
0x00007ffd4f7f0000 - 0x00007ffd4f92a000 	C:\Windows\system32\KERNEL32.DLL
0x00007ffd4eb60000 - 0x00007ffd4ec6f000 	C:\Windows\system32\KERNELBASE.dll
0x00007ffd4d440000 - 0x00007ffd4d4c8000 	C:\Windows\system32\apphelp.dll
0x00007ffd388b0000 - 0x00007ffd388ff000 	C:\Windows\AppPatch\AppPatch64\AcGenral.DLL
0x00007ffd4f0a0000 - 0x00007ffd4f147000 	C:\Windows\system32\msvcrt.dll
0x00007ffd4e6c0000 - 0x00007ffd4e6eb000 	C:\Windows\SYSTEM32\SspiCli.dll
0x00007ffd4ed70000 - 0x00007ffd4edc1000 	C:\Windows\system32\SHLWAPI.dll
0x00007ffd4f3d0000 - 0x00007ffd4f541000 	C:\Windows\system32\USER32.dll
0x00007ffd51310000 - 0x00007ffd51488000 	C:\Windows\system32\ole32.dll
0x00007ffd4f9f0000 - 0x00007ffd50e07000 	C:\Windows\system32\SHELL32.dll
0x00007ffd4dea0000 - 0x00007ffd4debe000 	C:\Windows\SYSTEM32\USERENV.dll
0x00007ffd4f560000 - 0x00007ffd4f605000 	C:\Windows\system32\ADVAPI32.dll
0x00007ffd48340000 - 0x00007ffd4835b000 	C:\Windows\SYSTEM32\MPR.dll
0x00007ffd50e10000 - 0x00007ffd50f46000 	C:\Windows\system32\RPCRT4.dll
0x00007ffd4f150000 - 0x00007ffd4f1a7000 	C:\Windows\SYSTEM32\sechost.dll
0x00007ffd50f50000 - 0x00007ffd51126000 	C:\Windows\SYSTEM32\combase.dll
0x00007ffd4f260000 - 0x00007ffd4f3a5000 	C:\Windows\system32\GDI32.dll
0x00007ffd4e860000 - 0x00007ffd4e874000 	C:\Windows\SYSTEM32\profapi.dll
0x00007ffd4ce70000 - 0x00007ffd4cf0f000 	C:\Windows\SYSTEM32\SHCORE.dll
0x00007ffd512d0000 - 0x00007ffd51304000 	C:\Windows\system32\IMM32.DLL
0x00007ffd51130000 - 0x00007ffd51269000 	C:\Windows\system32\MSCTF.dll
0x00007ffd4e810000 - 0x00007ffd4e841000 	C:\Windows\system32\nvinitx.dll
0x00007ffd4e800000 - 0x00007ffd4e80a000 	C:\Windows\SYSTEM32\VERSION.dll
0x0000000063690000 - 0x0000000063696000 	C:\Program Files\NVIDIA Corporation\CoProcManager\_etoured.dll
0x00007ffd4cc60000 - 0x00007ffd4cc92000 	C:\Program Files\NVIDIA Corporation\CoProcManager\nvd3d9wrapx.dll
0x00007ffd4f610000 - 0x00007ffd4f7e4000 	C:\Windows\system32\SETUPAPI.dll
0x00007ffd4ec70000 - 0x00007ffd4ecba000 	C:\Windows\system32\CFGMGR32.dll
0x00007ffd4c9d0000 - 0x00007ffd4c9f2000 	C:\Program Files\NVIDIA Corporation\CoProcManager\nvdxgiwrapx.dll
0x00007ffd4ca00000 - 0x00007ffd4cc5a000 	C:\Windows\WinSxS\amd64_microsoft.windows.common-controls_6595b64144ccf1df_6.0.9600.17031_none_6242a4b3ecbb55a1\COMCTL32.dll
0x00000000620b0000 - 0x0000000062182000 	C:\Program Files\Java\jdk1.8.0_77\jre\bin\msvcr100.dll
0x0000000062530000 - 0x0000000062dc0000 	C:\Program Files\Java\jdk1.8.0_77\jre\bin\server\jvm.dll
0x00007ffd4be40000 - 0x00007ffd4be49000 	C:\Windows\SYSTEM32\WSOCK32.dll
0x00007ffd40a30000 - 0x00007ffd40a4f000 	C:\Windows\SYSTEM32\WINMM.dll
0x00007ffd4f9e0000 - 0x00007ffd4f9e7000 	C:\Windows\system32\PSAPI.DLL
0x00007ffd51490000 - 0x00007ffd514e8000 	C:\Windows\system32\WS2_32.dll
0x00007ffd40a00000 - 0x00007ffd40a2a000 	C:\Windows\SYSTEM32\WINMMBASE.dll
0x00007ffd4efd0000 - 0x00007ffd4efd9000 	C:\Windows\system32\NSI.dll
0x00007ffd4d6a0000 - 0x00007ffd4d6c6000 	C:\Windows\SYSTEM32\DEVOBJ.dll
0x0000000062520000 - 0x000000006252f000 	C:\Program Files\Java\jdk1.8.0_77\jre\bin\verify.dll
0x00000000624f0000 - 0x0000000062519000 	C:\Program Files\Java\jdk1.8.0_77\jre\bin\java.dll
0x00000000624d0000 - 0x00000000624e6000 	C:\Program Files\Java\jdk1.8.0_77\jre\bin\zip.dll

VM Arguments:
jvm_args: -Xmx1024M -Dfile.encoding=windows-1251 -Duser.country=RU -Duser.language=ru -Duser.variant 
java_command: com.android.dx.command.Main --dex --num-threads=4 --output D:\Documents\AndroidStudioProjects\Snake\app\build\intermediates\pre-dexed\debug\internal_impl-23.0.1-ffe5d40b5c5107c949edbb288f0dab2d4ca20949.jar D:\Documents\AndroidStudioProjects\Snake\app\build\intermediates\exploded-aar\com.android.support\support-v4\23.0.1\jars\libs\internal_impl-23.0.1.jar
java_class_path (initial): D:\Documents\AndroidStudioSDK\build-tools\23.0.1\lib\dx.jar
Launcher Type: SUN_STANDARD

Environment Variables:
PATH=C:\ProgramData\Oracle\Java\javapath;C:\Windows\system32;C:\Windows;C:\Windows\System32\Wbem;C:\Windows\System32\WindowsPowerShell\v1.0\;C:\Program Files (x86)\Skype\Phone\;C:\Program Files (x86)\NVIDIA Corporation\PhysX\Common;C:\Users\kjkj\.dnx\bin;C:\Program Files\Microsoft DNX\Dnvm\;C:\Program Files (x86)\Windows Kits\8.1\Windows Performance Toolkit\;C:\Program Files\Microsoft SQL Server\Client SDK\ODBC\110\Tools\Binn\;C:\Program Files (x86)\Microsoft SQL Server\120\Tools\Binn\;C:\Program Files\Microsoft SQL Server\120\Tools\Binn\;C:\Program Files\Microsoft SQL Server\120\DTS\Binn\;C:\Program Files\Git\cmd;C:\Program Files (x86)\Microsoft SQL Server\120\Tools\Binn\ManagementStudio\;C:\Program Files (x86)\Microsoft SQL Server\120\DTS\Binn\
USERNAME=kjkj
OS=Windows_NT
PROCESSOR_IDENTIFIER=Intel64 Family 6 Model 42 Stepping 7, GenuineIntel



---------------  S Y S T E M  ---------------

OS: Windows 8.1 , 64 bit Build 9600 (6.3.9600.17056)

CPU:total 4 (2 cores per cpu, 2 threads per core) family 6 model 42 stepping 7, cmov, cx8, fxsr, mmx, sse, sse2, sse3, ssse3, sse4.1, sse4.2, popcnt, avx, clmul, ht, tsc, tscinvbit

Memory: 4k page, physical 4042608k(28884k free), swap 6139760k(135868k free)

vm_info: Java HotSpot(TM) 64-Bit Server VM (25.77-b03) for windows-amd64 JRE (1.8.0_77-b03), built on Mar 20 2016 22:01:33 by "java_re" with MS VC++ 10.0 (VS2010)

time: Sat Apr 02 19:56:32 2016
elapsed time: 14 seconds (0d 0h 0m 14s)

