#
# There is insufficient memory for the Java Runtime Environment to continue.
# Native memory allocation (malloc) failed to allocate 1048576 bytes for AllocateHeap
# Possible reasons:
#   The system is out of physical RAM or swap space
#   In 32 bit mode, the process size limit was hit
# Possible solutions:
#   Reduce memory load on the system
#   Increase physical memory or swap space
#   Check if swap backing store is full
#   Use 64 bit Java on a 64 bit OS
#   Decrease Java heap size (-Xmx/-Xms)
#   Decrease number of Java threads
#   Decrease Java thread stack sizes (-Xss)
#   Set larger code cache with -XX:ReservedCodeCacheSize=
# This output file may be truncated or incomplete.
#
#  Out of Memory Error (memory/allocation.inline.hpp:61), pid=3032, tid=4648
#
# JRE version:  (8.0_77-b03) (build )
# Java VM: Java HotSpot(TM) 64-Bit Server VM (25.77-b03 mixed mode windows-amd64 compressed oops)
# Failed to write core dump. Minidumps are not enabled by default on client versions of Windows
#

---------------  T H R E A D  ---------------

Current thread (0x0000000002020800):  JavaThread "Unknown thread" [_thread_in_vm, id=4648, stack(0x0000000001f20000,0x0000000002020000)]

Stack: [0x0000000001f20000,0x0000000002020000]
[error occurred during error reporting (printing stack bounds), id 0xc0000005]

Native frames: (J=compiled Java code, j=interpreted, Vv=VM code, C=native code)


---------------  P R O C E S S  ---------------

Java Threads: ( => current thread )

Other Threads:

=>0x0000000002020800 (exited) JavaThread "Unknown thread" [_thread_in_vm, id=4648, stack(0x0000000001f20000,0x0000000002020000)]

VM state:not at safepoint (normal execution)

VM Mutex/Monitor currently owned by a thread: None

Heap:
 PSYoungGen      total 18432K, used 317K [0x00000000eab00000, 0x00000000ebf80000, 0x0000000100000000)
  eden space 15872K, 2% used [0x00000000eab00000,0x00000000eab4f5d0,0x00000000eba80000)
  from space 2560K, 0% used [0x00000000ebd00000,0x00000000ebd00000,0x00000000ebf80000)
  to   space 2560K, 0% used [0x00000000eba80000,0x00000000eba80000,0x00000000ebd00000)
 ParOldGen       total 42496K, used 0K [0x00000000c0000000, 0x00000000c2980000, 0x00000000eab00000)
  object space 42496K, 0% used [0x00000000c0000000,0x00000000c0000000,0x00000000c2980000)
 Metaspace       used 769K, capacity 4480K, committed 4480K, reserved 1056768K
  class space    used 75K, capacity 384K, committed 384K, reserved 1048576K

Card table byte_map: [0x00000000114e0000,0x00000000116f0000] byte_map_base: 0x0000000010ee0000

Marking Bits: (ParMarkBitMap*) 0x0000000062d40600
 Begin Bits: [0x0000000011c50000, 0x0000000012c50000)
 End Bits:   [0x0000000012c50000, 0x0000000013c50000)

Polling page: 0x0000000001e40000

CodeCache: size=245760Kb used=328Kb max_used=328Kb free=245431Kb
 bounds [0x0000000002120000, 0x0000000002390000, 0x0000000011120000]
 total_blobs=58 nmethods=0 adapters=38
 compilation: enabled

Compilation events (0 events):
No events

GC Heap History (0 events):
No events

Deoptimization events (0 events):
No events

Internal exceptions (0 events):
No events

Events (10 events):
Event: 0.117 loading class java/lang/Short
Event: 0.117 loading class java/lang/Short done
Event: 0.117 loading class java/lang/Integer
Event: 0.117 loading class java/lang/Integer done
Event: 0.117 loading class java/lang/Long
Event: 0.117 loading class java/lang/Long done
Event: 0.119 loading class java/lang/NullPointerException
Event: 0.119 loading class java/lang/NullPointerException done
Event: 0.119 loading class java/lang/ArithmeticException
Event: 0.119 loading class java/lang/ArithmeticException done


Dynamic libraries:
0x00007ff68c370000 - 0x00007ff68c3a7000 	C:\Program Files\Java\jdk1.8.0_77\bin\java.exe
0x00007ffd514f0000 - 0x00007ffd5169a000 	C:\Windows\SYSTEM32\ntdll.dll
0x00007ffd4f7f0000 - 0x00007ffd4f92a000 	C:\Windows\system32\KERNEL32.DLL
0x00007ffd4eb60000 - 0x00007ffd4ec6f000 	C:\Windows\system32\KERNELBASE.dll
0x00007ffd4d440000 - 0x00007ffd4d4c8000 	C:\Windows\system32\apphelp.dll
0x00007ffd388b0000 - 0x00007ffd388ff000 	C:\Windows\AppPatch\AppPatch64\AcGenral.DLL
0x00007ffd4f0a0000 - 0x00007ffd4f147000 	C:\Windows\system32\msvcrt.dll
0x00007ffd4e6c0000 - 0x00007ffd4e6eb000 	C:\Windows\SYSTEM32\SspiCli.dll
0x00007ffd4ed70000 - 0x00007ffd4edc1000 	C:\Windows\system32\SHLWAPI.dll
0x00007ffd4f3d0000 - 0x00007ffd4f541000 	C:\Windows\system32\USER32.dll
0x00007ffd51310000 - 0x00007ffd51488000 	C:\Windows\system32\ole32.dll
0x00007ffd4f9f0000 - 0x00007ffd50e07000 	C:\Windows\system32\SHELL32.dll
0x00007ffd4dea0000 - 0x00007ffd4debe000 	C:\Windows\SYSTEM32\USERENV.dll
0x00007ffd4f560000 - 0x00007ffd4f605000 	C:\Windows\system32\ADVAPI32.dll
0x00007ffd48340000 - 0x00007ffd4835b000 	C:\Windows\SYSTEM32\MPR.dll
0x00007ffd50e10000 - 0x00007ffd50f46000 	C:\Windows\system32\RPCRT4.dll
0x00007ffd4f150000 - 0x00007ffd4f1a7000 	C:\Windows\SYSTEM32\sechost.dll
0x00007ffd50f50000 - 0x00007ffd51126000 	C:\Windows\SYSTEM32\combase.dll
0x00007ffd4f260000 - 0x00007ffd4f3a5000 	C:\Windows\system32\GDI32.dll
0x00007ffd4e860000 - 0x00007ffd4e874000 	C:\Windows\SYSTEM32\profapi.dll
0x00007ffd4ce70000 - 0x00007ffd4cf0f000 	C:\Windows\SYSTEM32\SHCORE.dll
0x00007ffd512d0000 - 0x00007ffd51304000 	C:\Windows\system32\IMM32.DLL
0x00007ffd51130000 - 0x00007ffd51269000 	C:\Windows\system32\MSCTF.dll
0x00007ffd4e810000 - 0x00007ffd4e841000 	C:\Windows\system32\nvinitx.dll
0x00007ffd4e800000 - 0x00007ffd4e80a000 	C:\Windows\SYSTEM32\VERSION.dll
0x0000000063690000 - 0x0000000063696000 	C:\Program Files\NVIDIA Corporation\CoProcManager\_etoured.dll
0x00007ffd4cc60000 - 0x00007ffd4cc92000 	C:\Program Files\NVIDIA Corporation\CoProcManager\nvd3d9wrapx.dll
0x00007ffd4f610000 - 0x00007ffd4f7e4000 	C:\Windows\system32\SETUPAPI.dll
0x00007ffd4ec70000 - 0x00007ffd4ecba000 	C:\Windows\system32\CFGMGR32.dll
0x00007ffd4c9d0000 - 0x00007ffd4c9f2000 	C:\Program Files\NVIDIA Corporation\CoProcManager\nvdxgiwrapx.dll
0x00007ffd4ca00000 - 0x00007ffd4cc5a000 	C:\Windows\WinSxS\amd64_microsoft.windows.common-controls_6595b64144ccf1df_6.0.9600.17031_none_6242a4b3ecbb55a1\COMCTL32.dll
0x00000000620b0000 - 0x0000000062182000 	C:\Program Files\Java\jdk1.8.0_77\jre\bin\msvcr100.dll
0x0000000062530000 - 0x0000000062dc0000 	C:\Program Files\Java\jdk1.8.0_77\jre\bin\server\jvm.dll
0x00007ffd4be40000 - 0x00007ffd4be49000 	C:\Windows\SYSTEM32\WSOCK32.dll
0x00007ffd40a30000 - 0x00007ffd40a4f000 	C:\Windows\SYSTEM32\WINMM.dll
0x00007ffd4f9e0000 - 0x00007ffd4f9e7000 	C:\Windows\system32\PSAPI.DLL
0x00007ffd51490000 - 0x00007ffd514e8000 	C:\Windows\system32\WS2_32.dll
0x00007ffd40a00000 - 0x00007ffd40a2a000 	C:\Windows\SYSTEM32\WINMMBASE.dll
0x00007ffd4efd0000 - 0x00007ffd4efd9000 	C:\Windows\system32\NSI.dll
0x00007ffd4d6a0000 - 0x00007ffd4d6c6000 	C:\Windows\SYSTEM32\DEVOBJ.dll
0x0000000062520000 - 0x000000006252f000 	C:\Program Files\Java\jdk1.8.0_77\jre\bin\verify.dll
0x00000000624f0000 - 0x0000000062519000 	C:\Program Files\Java\jdk1.8.0_77\jre\bin\java.dll
0x00000000624d0000 - 0x00000000624e6000 	C:\Program Files\Java\jdk1.8.0_77\jre\bin\zip.dll

VM Arguments:
jvm_args: -Xmx1024M -Dfile.encoding=windows-1251 -Duser.country=RU -Duser.language=ru -Duser.variant 
java_command: com.android.dx.command.Main --dex --num-threads=4 --output D:\Documents\AndroidStudioProjects\Snake\app\build\intermediates\pre-dexed\debug\classes-abe5ab474af512439b315f435dbf8de0910d94e9.jar D:\Documents\AndroidStudioProjects\Snake\app\build\intermediates\exploded-aar\com.android.support\appcompat-v7\23.0.1\jars\classes.jar
java_class_path (initial): D:\Documents\AndroidStudioSDK\build-tools\23.0.1\lib\dx.jar
Launcher Type: SUN_STANDARD

Environment Variables:
PATH=C:\ProgramData\Oracle\Java\javapath;C:\Windows\system32;C:\Windows;C:\Windows\System32\Wbem;C:\Windows\System32\WindowsPowerShell\v1.0\;C:\Program Files (x86)\Skype\Phone\;C:\Program Files (x86)\NVIDIA Corporation\PhysX\Common;C:\Users\kjkj\.dnx\bin;C:\Program Files\Microsoft DNX\Dnvm\;C:\Program Files (x86)\Windows Kits\8.1\Windows Performance Toolkit\;C:\Program Files\Microsoft SQL Server\Client SDK\ODBC\110\Tools\Binn\;C:\Program Files (x86)\Microsoft SQL Server\120\Tools\Binn\;C:\Program Files\Microsoft SQL Server\120\Tools\Binn\;C:\Program Files\Microsoft SQL Server\120\DTS\Binn\;C:\Program Files\Git\cmd;C:\Program Files (x86)\Microsoft SQL Server\120\Tools\Binn\ManagementStudio\;C:\Program Files (x86)\Microsoft SQL Server\120\DTS\Binn\
USERNAME=kjkj
OS=Windows_NT
PROCESSOR_IDENTIFIER=Intel64 Family 6 Model 42 Stepping 7, GenuineIntel



---------------  S Y S T E M  ---------------

OS: Windows 8.1 , 64 bit Build 9600 (6.3.9600.17056)

CPU:total 4 (2 cores per cpu, 2 threads per core) family 6 model 42 stepping 7, cmov, cx8, fxsr, mmx, sse, sse2, sse3, ssse3, sse4.1, sse4.2, popcnt, avx, clmul, ht, tsc, tscinvbit

Memory: 4k page, physical 4042608k(146972k free), swap 6139760k(5196k free)

vm_info: Java HotSpot(TM) 64-Bit Server VM (25.77-b03) for windows-amd64 JRE (1.8.0_77-b03), built on Mar 20 2016 22:01:33 by "java_re" with MS VC++ 10.0 (VS2010)

time: Sat Apr 02 19:39:27 2016
elapsed time: 0 seconds (0d 0h 0m 0s)

