#
# There is insufficient memory for the Java Runtime Environment to continue.
# Native memory allocation (malloc) failed to allocate 1076976 bytes for Chunk::new
# Possible reasons:
#   The system is out of physical RAM or swap space
#   In 32 bit mode, the process size limit was hit
# Possible solutions:
#   Reduce memory load on the system
#   Increase physical memory or swap space
#   Check if swap backing store is full
#   Use 64 bit Java on a 64 bit OS
#   Decrease Java heap size (-Xmx/-Xms)
#   Decrease number of Java threads
#   Decrease Java thread stack sizes (-Xss)
#   Set larger code cache with -XX:ReservedCodeCacheSize=
# This output file may be truncated or incomplete.
#
#  Out of Memory Error (allocation.cpp:390), pid=4248, tid=5984
#
# JRE version: Java(TM) SE Runtime Environment (8.0_77-b03) (build 1.8.0_77-b03)
# Java VM: Java HotSpot(TM) 64-Bit Server VM (25.77-b03 mixed mode windows-amd64 compressed oops)
# Failed to write core dump. Minidumps are not enabled by default on client versions of Windows
#

---------------  T H R E A D  ---------------

Current thread (0x00000000154de000):  JavaThread "C2 CompilerThread0" daemon [_thread_in_native, id=5984, stack(0x0000000016b30000,0x0000000016c30000)]

Stack: [0x0000000016b30000,0x0000000016c30000]
[error occurred during error reporting (printing stack bounds), id 0xc0000005]

Native frames: (J=compiled Java code, j=interpreted, Vv=VM code, C=native code)


Current CompileTask:
C2:  25371 1866       4       com.android.dx.ssa.SsaConverter::placePhiFunctions (394 bytes)


---------------  P R O C E S S  ---------------

Java Threads: ( => current thread )
  0x00000000171c3000 JavaThread "pool-1-thread-4" [_thread_in_Java, id=4896, stack(0x0000000017830000,0x0000000017930000)]
  0x00000000171c2000 JavaThread "pool-1-thread-3" [_thread_blocked, id=4408, stack(0x0000000017730000,0x0000000017830000)]
  0x00000000171bd000 JavaThread "pool-1-thread-2" [_thread_in_Java, id=4504, stack(0x0000000017630000,0x0000000017730000)]
  0x00000000171ba000 JavaThread "pool-2-thread-1" [_thread_blocked, id=3420, stack(0x0000000017530000,0x0000000017630000)]
  0x000000001717b800 JavaThread "pool-1-thread-1" [_thread_in_Java, id=2504, stack(0x0000000017430000,0x0000000017530000)]
  0x000000001553a000 JavaThread "Service Thread" daemon [_thread_blocked, id=4436, stack(0x0000000016e30000,0x0000000016f30000)]
  0x0000000015503800 JavaThread "C1 CompilerThread2" daemon [_thread_blocked, id=6072, stack(0x0000000016d30000,0x0000000016e30000)]
  0x00000000154e2000 JavaThread "C2 CompilerThread1" daemon [_thread_in_native, id=3032, stack(0x0000000016c30000,0x0000000016d30000)]
=>0x00000000154de000 JavaThread "C2 CompilerThread0" daemon [_thread_in_native, id=5984, stack(0x0000000016b30000,0x0000000016c30000)]
  0x00000000154dc800 JavaThread "Attach Listener" daemon [_thread_blocked, id=5936, stack(0x0000000016a30000,0x0000000016b30000)]
  0x00000000154dc000 JavaThread "Signal Dispatcher" daemon [_thread_blocked, id=6080, stack(0x0000000016930000,0x0000000016a30000)]
  0x00000000154ca800 JavaThread "Finalizer" daemon [_thread_blocked, id=4200, stack(0x0000000016750000,0x0000000016850000)]
  0x0000000002dff800 JavaThread "Reference Handler" daemon [_thread_blocked, id=3172, stack(0x0000000016650000,0x0000000016750000)]
  0x0000000002d10800 JavaThread "main" [_thread_blocked, id=5820, stack(0x0000000002b90000,0x0000000002c90000)]

Other Threads:
  0x00000000154a7800 VMThread [stack: 0x0000000016550000,0x0000000016650000] [id=5836]
  0x000000001553e800 WatcherThread [stack: 0x0000000017330000,0x0000000017430000] [id=2396]

VM state:not at safepoint (normal execution)

VM Mutex/Monitor currently owned by a thread: None

Heap:
 PSYoungGen      total 70144K, used 22599K [0x00000000eab00000, 0x00000000ef900000, 0x0000000100000000)
  eden space 61952K, 23% used [0x00000000eab00000,0x00000000eb919be0,0x00000000ee780000)
  from space 8192K, 99% used [0x00000000ee780000,0x00000000eef780e8,0x00000000eef80000)
  to   space 6656K, 0% used [0x00000000eef80000,0x00000000eef80000,0x00000000ef600000)
 ParOldGen       total 42496K, used 22258K [0x00000000c0000000, 0x00000000c2980000, 0x00000000eab00000)
  object space 42496K, 52% used [0x00000000c0000000,0x00000000c15bcb20,0x00000000c2980000)
 Metaspace       used 6301K, capacity 7192K, committed 7424K, reserved 1056768K
  class space    used 617K, capacity 656K, committed 768K, reserved 1048576K

Card table byte_map: [0x00000000121d0000,0x00000000123e0000] byte_map_base: 0x0000000011bd0000

Marking Bits: (ParMarkBitMap*) 0x0000000062d40600
 Begin Bits: [0x0000000012940000, 0x0000000013940000)
 End Bits:   [0x0000000013940000, 0x0000000014940000)

Polling page: 0x0000000001380000

CodeCache: size=245760Kb used=8809Kb max_used=8820Kb free=236950Kb
 bounds [0x0000000002e10000, 0x00000000036c0000, 0x0000000011e10000]
 total_blobs=2132 nmethods=1861 adapters=182
 compilation: enabled

Compilation events (10 events):
Event: 24.510 Thread 0x00000000154e2000 nmethod 1914 0x00000000036a13d0 code [0x00000000036a1500, 0x00000000036a15b8]
Event: 24.510 Thread 0x00000000154e2000 1912       4       com.android.dx.ssa.LocalVariableExtractor::doit (59 bytes)
Event: 24.521 Thread 0x00000000154e2000 nmethod 1912 0x00000000036a0c50 code [0x00000000036a0dc0, 0x00000000036a10c8]
Event: 24.521 Thread 0x00000000154e2000 1918       4       com.android.dx.ssa.ConstCollector::updateConstUses (248 bytes)
Event: 24.537 Thread 0x0000000015503800 1919       3       java.util.Vector::grow (57 bytes)
Event: 24.538 Thread 0x0000000015503800 nmethod 1919 0x000000000369b3d0 code [0x000000000369b560, 0x000000000369ba98]
Event: 24.554 Thread 0x0000000015503800 1923       3       com.android.dx.rop.type.Type::getComponentType (70 bytes)
Event: 24.556 Thread 0x0000000015503800 nmethod 1923 0x00000000036a1990 code [0x00000000036a1ba0, 0x00000000036a26c8]
Event: 24.583 Thread 0x0000000015503800 1930 %     3       com.android.dx.rop.code.LocalVariableExtractor::processBlock @ 266 (327 bytes)
Event: 24.588 Thread 0x0000000015503800 nmethod 1930% 0x00000000036a5f50 code [0x00000000036a63e0, 0x00000000036a9f98]

GC Heap History (10 events):
Event: 11.702 GC heap before
{Heap before GC invocations=2 (full 0):
 PSYoungGen      total 18432K, used 18410K [0x00000000eab00000, 0x00000000ebf80000, 0x0000000100000000)
  eden space 15872K, 100% used [0x00000000eab00000,0x00000000eba80000,0x00000000eba80000)
  from space 2560K, 99% used [0x00000000eba80000,0x00000000ebcfaac8,0x00000000ebd00000)
  to   space 2560K, 0% used [0x00000000ebd00000,0x00000000ebd00000,0x00000000ebf80000)
 ParOldGen       total 42496K, used 1841K [0x00000000c0000000, 0x00000000c2980000, 0x00000000eab00000)
  object space 42496K, 4% used [0x00000000c0000000,0x00000000c01cc5b8,0x00000000c2980000)
 Metaspace       used 5971K, capacity 6960K, committed 7040K, reserved 1056768K
  class space    used 595K, capacity 616K, committed 640K, reserved 1048576K
Event: 11.834 GC heap after
Heap after GC invocations=2 (full 0):
 PSYoungGen      total 18432K, used 2545K [0x00000000eab00000, 0x00000000ecf00000, 0x0000000100000000)
  eden space 15872K, 0% used [0x00000000eab00000,0x00000000eab00000,0x00000000eba80000)
  from space 2560K, 99% used [0x00000000ebd00000,0x00000000ebf7c6b0,0x00000000ebf80000)
  to   space 2560K, 0% used [0x00000000eba80000,0x00000000eba80000,0x00000000ebd00000)
 ParOldGen       total 42496K, used 4553K [0x00000000c0000000, 0x00000000c2980000, 0x00000000eab00000)
  object space 42496K, 10% used [0x00000000c0000000,0x00000000c0472638,0x00000000c2980000)
 Metaspace       used 5971K, capacity 6960K, committed 7040K, reserved 1056768K
  class space    used 595K, capacity 616K, committed 640K, reserved 1048576K
}
Event: 12.752 GC heap before
{Heap before GC invocations=3 (full 0):
 PSYoungGen      total 18432K, used 18417K [0x00000000eab00000, 0x00000000ecf00000, 0x0000000100000000)
  eden space 15872K, 100% used [0x00000000eab00000,0x00000000eba80000,0x00000000eba80000)
  from space 2560K, 99% used [0x00000000ebd00000,0x00000000ebf7c6b0,0x00000000ebf80000)
  to   space 2560K, 0% used [0x00000000eba80000,0x00000000eba80000,0x00000000ebd00000)
 ParOldGen       total 42496K, used 4553K [0x00000000c0000000, 0x00000000c2980000, 0x00000000eab00000)
  object space 42496K, 10% used [0x00000000c0000000,0x00000000c0472638,0x00000000c2980000)
 Metaspace       used 6022K, capacity 7024K, committed 7296K, reserved 1056768K
  class space    used 596K, capacity 616K, committed 640K, reserved 1048576K
Event: 13.845 GC heap after
Heap after GC invocations=3 (full 0):
 PSYoungGen      total 18432K, used 2552K [0x00000000eab00000, 0x00000000ecf00000, 0x0000000100000000)
  eden space 15872K, 0% used [0x00000000eab00000,0x00000000eab00000,0x00000000eba80000)
  from space 2560K, 99% used [0x00000000eba80000,0x00000000ebcfe338,0x00000000ebd00000)
  to   space 2560K, 0% used [0x00000000ecc80000,0x00000000ecc80000,0x00000000ecf00000)
 ParOldGen       total 42496K, used 7334K [0x00000000c0000000, 0x00000000c2980000, 0x00000000eab00000)
  object space 42496K, 17% used [0x00000000c0000000,0x00000000c0729bc0,0x00000000c2980000)
 Metaspace       used 6022K, capacity 7024K, committed 7296K, reserved 1056768K
  class space    used 596K, capacity 616K, committed 640K, reserved 1048576K
}
Event: 16.868 GC heap before
{Heap before GC invocations=4 (full 0):
 PSYoungGen      total 18432K, used 18424K [0x00000000eab00000, 0x00000000ecf00000, 0x0000000100000000)
  eden space 15872K, 100% used [0x00000000eab00000,0x00000000eba80000,0x00000000eba80000)
  from space 2560K, 99% used [0x00000000eba80000,0x00000000ebcfe338,0x00000000ebd00000)
  to   space 2560K, 0% used [0x00000000ecc80000,0x00000000ecc80000,0x00000000ecf00000)
 ParOldGen       total 42496K, used 7334K [0x00000000c0000000, 0x00000000c2980000, 0x00000000eab00000)
  object space 42496K, 17% used [0x00000000c0000000,0x00000000c0729bc0,0x00000000c2980000)
 Metaspace       used 6138K, capacity 7064K, committed 7424K, reserved 1056768K
  class space    used 616K, capacity 656K, committed 768K, reserved 1048576K
Event: 17.514 GC heap after
Heap after GC invocations=4 (full 0):
 PSYoungGen      total 34304K, used 2553K [0x00000000eab00000, 0x00000000ecf00000, 0x0000000100000000)
  eden space 31744K, 0% used [0x00000000eab00000,0x00000000eab00000,0x00000000eca00000)
  from space 2560K, 99% used [0x00000000ecc80000,0x00000000ecefe490,0x00000000ecf00000)
  to   space 2560K, 0% used [0x00000000eca00000,0x00000000eca00000,0x00000000ecc80000)
 ParOldGen       total 42496K, used 10072K [0x00000000c0000000, 0x00000000c2980000, 0x00000000eab00000)
  object space 42496K, 23% used [0x00000000c0000000,0x00000000c09d60e0,0x00000000c2980000)
 Metaspace       used 6138K, capacity 7064K, committed 7424K, reserved 1056768K
  class space    used 616K, capacity 656K, committed 768K, reserved 1048576K
}
Event: 20.935 GC heap before
{Heap before GC invocations=5 (full 0):
 PSYoungGen      total 34304K, used 34297K [0x00000000eab00000, 0x00000000ecf00000, 0x0000000100000000)
  eden space 31744K, 100% used [0x00000000eab00000,0x00000000eca00000,0x00000000eca00000)
  from space 2560K, 99% used [0x00000000ecc80000,0x00000000ecefe490,0x00000000ecf00000)
  to   space 2560K, 0% used [0x00000000eca00000,0x00000000eca00000,0x00000000ecc80000)
 ParOldGen       total 42496K, used 10072K [0x00000000c0000000, 0x00000000c2980000, 0x00000000eab00000)
  object space 42496K, 23% used [0x00000000c0000000,0x00000000c09d60e0,0x00000000c2980000)
 Metaspace       used 6222K, capacity 7128K, committed 7424K, reserved 1056768K
  class space    used 616K, capacity 656K, committed 768K, reserved 1048576K
Event: 21.099 GC heap after
Heap after GC invocations=5 (full 0):
 PSYoungGen      total 34304K, used 2553K [0x00000000eab00000, 0x00000000ef600000, 0x0000000100000000)
  eden space 31744K, 0% used [0x00000000eab00000,0x00000000eab00000,0x00000000eca00000)
  from space 2560K, 99% used [0x00000000eca00000,0x00000000ecc7e490,0x00000000ecc80000)
  to   space 6656K, 0% used [0x00000000eef80000,0x00000000eef80000,0x00000000ef600000)
 ParOldGen       total 42496K, used 13578K [0x00000000c0000000, 0x00000000c2980000, 0x00000000eab00000)
  object space 42496K, 31% used [0x00000000c0000000,0x00000000c0d428a0,0x00000000c2980000)
 Metaspace       used 6222K, capacity 7128K, committed 7424K, reserved 1056768K
  class space    used 616K, capacity 656K, committed 768K, reserved 1048576K
}
Event: 22.833 GC heap before
{Heap before GC invocations=6 (full 0):
 PSYoungGen      total 34304K, used 34297K [0x00000000eab00000, 0x00000000ef600000, 0x0000000100000000)
  eden space 31744K, 100% used [0x00000000eab00000,0x00000000eca00000,0x00000000eca00000)
  from space 2560K, 99% used [0x00000000eca00000,0x00000000ecc7e490,0x00000000ecc80000)
  to   space 6656K, 0% used [0x00000000eef80000,0x00000000eef80000,0x00000000ef600000)
 ParOldGen       total 42496K, used 13578K [0x00000000c0000000, 0x00000000c2980000, 0x00000000eab00000)
  object space 42496K, 31% used [0x00000000c0000000,0x00000000c0d428a0,0x00000000c2980000)
 Metaspace       used 6272K, capacity 7192K, committed 7424K, reserved 1056768K
  class space    used 617K, capacity 656K, committed 768K, reserved 1048576K
Event: 22.944 GC heap after
Heap after GC invocations=6 (full 0):
 PSYoungGen      total 68608K, used 6626K [0x00000000eab00000, 0x00000000ef900000, 0x0000000100000000)
  eden space 61952K, 0% used [0x00000000eab00000,0x00000000eab00000,0x00000000ee780000)
  from space 6656K, 99% used [0x00000000eef80000,0x00000000ef5f8b88,0x00000000ef600000)
  to   space 8192K, 0% used [0x00000000ee780000,0x00000000ee780000,0x00000000eef80000)
 ParOldGen       total 42496K, used 15070K [0x00000000c0000000, 0x00000000c2980000, 0x00000000eab00000)
  object space 42496K, 35% used [0x00000000c0000000,0x00000000c0eb7b18,0x00000000c2980000)
 Metaspace       used 6272K, capacity 7192K, committed 7424K, reserved 1056768K
  class space    used 617K, capacity 656K, committed 768K, reserved 1048576K
}

Deoptimization events (10 events):
Event: 21.463 Thread 0x00000000171bd000 Uncommon trap: reason=bimorphic action=maybe_recompile pc=0x00000000034ca510 method=com.android.dx.cf.code.BytecodeArray.parseInstruction(ILcom/android/dx/cf/code/BytecodeArray$Visitor;)I @ 2484
Event: 22.354 Thread 0x000000001717b800 Uncommon trap: reason=unstable_if action=reinterpret pc=0x00000000035da370 method=com.android.dx.cf.code.Merger.mergeType(Lcom/android/dx/rop/type/TypeBearer;Lcom/android/dx/rop/type/TypeBearer;)Lcom/android/dx/rop/type/TypeBearer; @ 52
Event: 22.396 Thread 0x00000000171bd000 Uncommon trap: reason=class_check action=maybe_recompile pc=0x00000000034c6850 method=com.android.dx.cf.code.BytecodeArray.parseInstruction(ILcom/android/dx/cf/code/BytecodeArray$Visitor;)I @ 987
Event: 22.396 Thread 0x00000000171bd000 Uncommon trap: reason=class_check action=maybe_recompile pc=0x00000000034c6850 method=com.android.dx.cf.code.BytecodeArray.parseInstruction(ILcom/android/dx/cf/code/BytecodeArray$Visitor;)I @ 987
Event: 22.443 Thread 0x00000000171bd000 Uncommon trap: reason=unstable_if action=reinterpret pc=0x0000000003571118 method=com.android.dx.cf.code.BaseMachine.popArgs(Lcom/android/dx/cf/code/Frame;I)V @ 15
Event: 23.027 Thread 0x000000001717b800 Uncommon trap: reason=unstable_if action=reinterpret pc=0x0000000003432af0 method=com.android.dx.rop.code.LocalVariableExtractor.processBlock(I)V @ 195
Event: 23.852 Thread 0x00000000171c2000 Uncommon trap: reason=bimorphic action=maybe_recompile pc=0x00000000033f0528 method=com.android.dx.ssa.LiteralOpUpgrader.tryReplacingWithConstant(Lcom/android/dx/ssa/NormalSsaInsn;)Z @ 62
Event: 23.852 Thread 0x00000000171c2000 Uncommon trap: reason=unstable_if action=reinterpret pc=0x00000000035a1ca0 method=com.android.dx.ssa.LiteralOpUpgrader$1.visitNonMoveInsn(Lcom/android/dx/ssa/NormalSsaInsn;)V @ 24
Event: 24.148 Thread 0x00000000171c2000 Uncommon trap: reason=unstable_if action=reinterpret pc=0x00000000034ed3a0 method=com.android.dx.cf.code.Ropper.processBlock(Lcom/android/dx/cf/code/ByteBlock;Lcom/android/dx/cf/code/Frame;[I)V @ 413
Event: 24.181 Thread 0x00000000171c2000 Uncommon trap: reason=unstable_if action=reinterpret pc=0x00000000035703f4 method=com.android.dx.rop.code.BasicBlockList.preferredSuccessorOf(Lcom/android/dx/rop/code/BasicBlock;)Lcom/android/dx/rop/code/BasicBlock; @ 58

Internal exceptions (6 events):
Event: 0.659 Thread 0x0000000002d10800 Exception <a 'java/lang/NoSuchMethodError': Method sun.misc.Unsafe.defineClass(Ljava/lang/String;[BII)Ljava/lang/Class; name or signature does not match> (0x00000000eab07cc0) thrown at [D:\re\workspace\8-2-build-windows-amd64-cygwin\jdk8u77\6540\hotspot\sr«HD]å?
Event: 0.660 Thread 0x0000000002d10800 Exception <a 'java/lang/NoSuchMethodError': Method sun.misc.Unsafe.prefetchRead(Ljava/lang/Object;J)V name or signature does not match> (0x00000000eab07fa8) thrown at [D:\re\workspace\8-2-build-windows-amd64-cygwin\jdk8u77\6540\hotspot\src\share\vm\prims\jžflÇÎð#@
Event: 9.970 Thread 0x00000000171c3000 Implicit null exception at 0x0000000003186262 to 0x0000000003186352
Event: 15.378 Thread 0x00000000171c2000 Exception <a 'java/lang/ArrayIndexOutOfBoundsException': 18> (0x00000000eb10dd40) thrown at [D:\re\workspace\8-2-build-windows-amd64-cygwin\jdk8u77\6540\hotspot\src\share\vm\interpreter\interpreterRuntime.cpp, line 366]
Event: 15.378 Thread 0x00000000171c2000 Exception <a 'java/lang/ArrayIndexOutOfBoundsException': 145> (0x00000000eb10f8c0) thrown at [D:\re\workspace\8-2-build-windows-amd64-cygwin\jdk8u77\6540\hotspot\src\share\vm\interpreter\interpreterRuntime.cpp, line 366]
Event: 16.362 Thread 0x00000000171c2000 Exception <a 'java/lang/ArrayIndexOutOfBoundsException'> (0x00000000eb110ba8) thrown at [D:\re\workspace\8-2-build-windows-amd64-cygwin\jdk8u77\6540\hotspot\src\share\vm\runtime\sharedRuntime.cpp, line 605]

Events (10 events):
Event: 24.148 Thread 0x00000000171c2000 DEOPT UNPACKING pc=0x0000000002e5582a sp=0x000000001782eef8 mode 2
Event: 24.181 Thread 0x00000000171c2000 Uncommon trap: trap_request=0xffffff65 fr.pc=0x00000000035703f4
Event: 24.181 Thread 0x00000000171c2000 DEOPT PACKING pc=0x00000000035703f4 sp=0x000000001782ef70
Event: 24.181 Thread 0x00000000171c2000 DEOPT UNPACKING pc=0x0000000002e5582a sp=0x000000001782eef8 mode 2
Event: 24.197 Thread 0x00000000171c3000 DEOPT PACKING pc=0x00000000031a159f sp=0x000000001792ea40
Event: 24.197 Thread 0x00000000171c3000 DEOPT UNPACKING pc=0x0000000002e5787f sp=0x000000001792e850 mode 0
Event: 24.204 Thread 0x0000000002d10800 DEOPT PACKING pc=0x0000000003243e91 sp=0x0000000002c8dfc0
Event: 24.204 Thread 0x0000000002d10800 DEOPT UNPACKING pc=0x0000000002e5787f sp=0x0000000002c8dd20 mode 0
Event: 24.539 Thread 0x00000000171c2000 DEOPT PACKING pc=0x000000000329a971 sp=0x000000001782ee70
Event: 24.539 Thread 0x00000000171c2000 DEOPT UNPACKING pc=0x0000000002e5787f sp=0x000000001782ec00 mode 0


Dynamic libraries:
0x00007ff7c4100000 - 0x00007ff7c4137000 	C:\Program Files\Java\jdk1.8.0_77\bin\java.exe
0x00007ffd514f0000 - 0x00007ffd5169a000 	C:\Windows\SYSTEM32\ntdll.dll
0x00007ffd4f7f0000 - 0x00007ffd4f92a000 	C:\Windows\system32\KERNEL32.DLL
0x00007ffd4eb60000 - 0x00007ffd4ec6f000 	C:\Windows\system32\KERNELBASE.dll
0x00007ffd4d440000 - 0x00007ffd4d4c8000 	C:\Windows\system32\apphelp.dll
0x00007ffd35b30000 - 0x00007ffd35b7f000 	C:\Windows\AppPatch\AppPatch64\AcGenral.DLL
0x00007ffd4f0a0000 - 0x00007ffd4f147000 	C:\Windows\system32\msvcrt.dll
0x00007ffd4e6c0000 - 0x00007ffd4e6eb000 	C:\Windows\SYSTEM32\SspiCli.dll
0x00007ffd4ed70000 - 0x00007ffd4edc1000 	C:\Windows\system32\SHLWAPI.dll
0x00007ffd4f3d0000 - 0x00007ffd4f541000 	C:\Windows\system32\USER32.dll
0x00007ffd51310000 - 0x00007ffd51488000 	C:\Windows\system32\ole32.dll
0x00007ffd4f9f0000 - 0x00007ffd50e07000 	C:\Windows\system32\SHELL32.dll
0x00007ffd4dea0000 - 0x00007ffd4debe000 	C:\Windows\SYSTEM32\USERENV.dll
0x00007ffd4f560000 - 0x00007ffd4f605000 	C:\Windows\system32\ADVAPI32.dll
0x00007ffd48340000 - 0x00007ffd4835b000 	C:\Windows\SYSTEM32\MPR.dll
0x00007ffd50e10000 - 0x00007ffd50f46000 	C:\Windows\system32\RPCRT4.dll
0x00007ffd4f150000 - 0x00007ffd4f1a7000 	C:\Windows\SYSTEM32\sechost.dll
0x00007ffd50f50000 - 0x00007ffd51126000 	C:\Windows\SYSTEM32\combase.dll
0x00007ffd4f260000 - 0x00007ffd4f3a5000 	C:\Windows\system32\GDI32.dll
0x00007ffd4e860000 - 0x00007ffd4e874000 	C:\Windows\SYSTEM32\profapi.dll
0x00007ffd4ce70000 - 0x00007ffd4cf0f000 	C:\Windows\SYSTEM32\SHCORE.dll
0x00007ffd512d0000 - 0x00007ffd51304000 	C:\Windows\system32\IMM32.DLL
0x00007ffd51130000 - 0x00007ffd51269000 	C:\Windows\system32\MSCTF.dll
0x00007ffd4e810000 - 0x00007ffd4e841000 	C:\Windows\system32\nvinitx.dll
0x00007ffd4e800000 - 0x00007ffd4e80a000 	C:\Windows\SYSTEM32\VERSION.dll
0x0000000063690000 - 0x0000000063696000 	C:\Program Files\NVIDIA Corporation\CoProcManager\_etoured.dll
0x00007ffd4cc60000 - 0x00007ffd4cc92000 	C:\Program Files\NVIDIA Corporation\CoProcManager\nvd3d9wrapx.dll
0x00007ffd4f610000 - 0x00007ffd4f7e4000 	C:\Windows\system32\SETUPAPI.dll
0x00007ffd4ec70000 - 0x00007ffd4ecba000 	C:\Windows\system32\CFGMGR32.dll
0x00007ffd4c9d0000 - 0x00007ffd4c9f2000 	C:\Program Files\NVIDIA Corporation\CoProcManager\nvdxgiwrapx.dll
0x00007ffd4ca00000 - 0x00007ffd4cc5a000 	C:\Windows\WinSxS\amd64_microsoft.windows.common-controls_6595b64144ccf1df_6.0.9600.17031_none_6242a4b3ecbb55a1\COMCTL32.dll
0x00000000620b0000 - 0x0000000062182000 	C:\Program Files\Java\jdk1.8.0_77\jre\bin\msvcr100.dll
0x0000000062530000 - 0x0000000062dc0000 	C:\Program Files\Java\jdk1.8.0_77\jre\bin\server\jvm.dll
0x00007ffd403a0000 - 0x00007ffd403a9000 	C:\Windows\SYSTEM32\WSOCK32.dll
0x00007ffd40a30000 - 0x00007ffd40a4f000 	C:\Windows\SYSTEM32\WINMM.dll
0x00007ffd4f9e0000 - 0x00007ffd4f9e7000 	C:\Windows\system32\PSAPI.DLL
0x00007ffd51490000 - 0x00007ffd514e8000 	C:\Windows\system32\WS2_32.dll
0x00007ffd40a00000 - 0x00007ffd40a2a000 	C:\Windows\SYSTEM32\WINMMBASE.dll
0x00007ffd4efd0000 - 0x00007ffd4efd9000 	C:\Windows\system32\NSI.dll
0x00007ffd4d6a0000 - 0x00007ffd4d6c6000 	C:\Windows\SYSTEM32\DEVOBJ.dll
0x0000000062520000 - 0x000000006252f000 	C:\Program Files\Java\jdk1.8.0_77\jre\bin\verify.dll
0x00000000624f0000 - 0x0000000062519000 	C:\Program Files\Java\jdk1.8.0_77\jre\bin\java.dll
0x00000000624d0000 - 0x00000000624e6000 	C:\Program Files\Java\jdk1.8.0_77\jre\bin\zip.dll

VM Arguments:
jvm_args: -Xmx1024M -Dfile.encoding=windows-1251 -Duser.country=RU -Duser.language=ru -Duser.variant 
java_command: com.android.dx.command.Main --dex --num-threads=4 --output D:\Documents\AndroidStudioProjects\Snake\app\build\intermediates\pre-dexed\debug\classes-abe5ab474af512439b315f435dbf8de0910d94e9.jar D:\Documents\AndroidStudioProjects\Snake\app\build\intermediates\exploded-aar\com.android.support\appcompat-v7\23.0.1\jars\classes.jar
java_class_path (initial): D:\Documents\AndroidStudioSDK\build-tools\23.0.1\lib\dx.jar
Launcher Type: SUN_STANDARD

Environment Variables:
PATH=C:\ProgramData\Oracle\Java\javapath;C:\Windows\system32;C:\Windows;C:\Windows\System32\Wbem;C:\Windows\System32\WindowsPowerShell\v1.0\;C:\Program Files (x86)\Skype\Phone\;C:\Program Files (x86)\NVIDIA Corporation\PhysX\Common;C:\Users\kjkj\.dnx\bin;C:\Program Files\Microsoft DNX\Dnvm\;C:\Program Files (x86)\Windows Kits\8.1\Windows Performance Toolkit\;C:\Program Files\Microsoft SQL Server\Client SDK\ODBC\110\Tools\Binn\;C:\Program Files (x86)\Microsoft SQL Server\120\Tools\Binn\;C:\Program Files\Microsoft SQL Server\120\Tools\Binn\;C:\Program Files\Microsoft SQL Server\120\DTS\Binn\;C:\Program Files\Git\cmd;C:\Program Files (x86)\Microsoft SQL Server\120\Tools\Binn\ManagementStudio\;C:\Program Files (x86)\Microsoft SQL Server\120\DTS\Binn\
USERNAME=kjkj
OS=Windows_NT
PROCESSOR_IDENTIFIER=Intel64 Family 6 Model 42 Stepping 7, GenuineIntel



---------------  S Y S T E M  ---------------

OS: Windows 8.1 , 64 bit Build 9600 (6.3.9600.17056)

CPU:total 4 (2 cores per cpu, 2 threads per core) family 6 model 42 stepping 7, cmov, cx8, fxsr, mmx, sse, sse2, sse3, ssse3, sse4.1, sse4.2, popcnt, avx, clmul, ht, tsc, tscinvbit

Memory: 4k page, physical 4042608k(35000k free), swap 6139760k(5112k free)

vm_info: Java HotSpot(TM) 64-Bit Server VM (25.77-b03) for windows-amd64 JRE (1.8.0_77-b03), built on Mar 20 2016 22:01:33 by "java_re" with MS VC++ 10.0 (VS2010)

time: Sat Apr 02 14:37:06 2016
elapsed time: 25 seconds (0d 0h 0m 25s)

