JvmtiExport can_access_local_variables 0
JvmtiExport can_hotswap_or_post_breakpoint 0
JvmtiExport can_post_on_exceptions 0
# 324 ciObject found
ciMethod java/lang/Object <init> ()V 4097 1 222517 0 0
ciMethod java/lang/Object getClass ()Ljava/lang/Class; 2049 1 256 0 -1
ciMethod java/lang/System arraycopy (Ljava/lang/Object;ILjava/lang/Object;II)V 5121 1 640 0 -1
ciMethod java/util/Collection iterator ()Ljava/util/Iterator; 0 0 1 0 -1
ciMethod java/util/List iterator ()Ljava/util/Iterator; 0 0 1 0 -1
ciMethod java/util/AbstractList <init> ()V 273 1 37582 0 0
ciMethod java/util/AbstractCollection <init> ()V 281 1 45046 0 0
ciMethod java/util/ArrayList <init> ()V 121 1 17438 0 64
ciMethod java/util/ArrayList ensureCapacityInternal (I)V 641 1 54203 0 0
ciMethod java/util/ArrayList ensureExplicitCapacity (I)V 641 1 57690 0 544
ciMethod java/util/ArrayList grow (I)V 89 1 7972 0 512
ciMethod java/util/ArrayList hugeCapacity (I)I 0 0 1 0 -1
ciMethod java/util/ArrayList size ()I 1089 1 136 0 0
ciMethod java/util/ArrayList elementData (I)Ljava/lang/Object; 1897 1 230090 0 0
ciMethod java/util/ArrayList get (I)Ljava/lang/Object; 1897 1 220397 0 128
ciMethod java/util/ArrayList add (Ljava/lang/Object;)Z 641 1 52394 0 736
ciMethod java/util/ArrayList rangeCheck (I)V 1897 1 229834 0 64
ciMethod java/util/ArrayList iterator ()Ljava/util/Iterator; 2105 1 20197 0 192
ciMethod java/util/ArrayList access$100 (Ljava/util/ArrayList;)I 1289 1 161 0 0
ciMethod java/util/Collections unmodifiableList (Ljava/util/List;)Ljava/util/List; 2049 1 4365 0 0
ciMethod java/util/Collections$UnmodifiableRandomAccessList <init> (Ljava/util/List;)V 2041 1 4439 0 0
ciMethod java/util/Collections$UnmodifiableList <init> (Ljava/util/List;)V 2041 1 4439 0 0
ciMethod java/util/Collections$UnmodifiableCollection <init> (Ljava/util/Collection;)V 2265 1 4588 0 0
ciMethod java/util/Collections$UnmodifiableCollection iterator ()Ljava/util/Iterator; 4097 1 6750 0 640
ciMethod java/lang/Math max (II)I 225 1 14755 0 -1
ciMethod java/lang/Math min (II)I 4097 1 27281 0 -1
ciMethod java/util/Arrays copyOf ([Ljava/lang/Object;I)[Ljava/lang/Object; 4009 1 17758 0 0
ciMethod java/util/Arrays copyOf ([Ljava/lang/Object;ILjava/lang/Class;)[Ljava/lang/Object; 3825 1 6734 0 -1
ciMethod java/util/Arrays copyOf ([JI)[J 9 1 25 0 0
ciMethod java/util/Iterator hasNext ()Z 0 0 1 0 -1
ciMethod java/util/Iterator next ()Ljava/lang/Object; 0 0 1 0 -1
ciMethodData java/lang/Object <init> ()V 2 222517 orig 264 8 177 176 98 0 0 0 0 128 4 51 20 0 0 0 0 32 1 0 0 0 0 0 0 0 0 0 0 0 0 0 0 0 0 0 0 0 0 0 0 0 0 0 0 0 0 0 0 0 0 0 0 0 0 0 0 0 0 0 0 0 0 0 0 0 0 0 0 0 0 0 0 0 0 0 0 0 0 0 0 77 68 79 32 101 120 116 114 97 32 100 97 116 97 32 108 111 99 107 0 0 0 0 0 0 0 0 0 0 0 0 0 0 0 0 0 0 0 0 0 0 0 0 0 0 0 0 0 0 0 0 0 0 0 0 0 0 0 0 0 0 0 0 0 0 0 0 0 0 0 0 0 0 0 0 0 0 0 0 0 0 0 0 0 0 0 0 0 0 0 0 0 0 0 0 0 0 0 0 0 0 0 0 0 1 0 0 0 0 0 0 0 1 0 0 0 0 0 0 0 1 0 0 0 0 0 0 0 0 0 0 0 0 0 0 0 0 2 0 0 169 25 27 0 1 0 0 0 0 0 0 0 0 0 0 0 2 0 0 0 0 0 3 0 1 0 0 0 0 0 0 0 255 255 255 255 0 0 0 0 0 0 0 0 data 0 oops 0
ciMethod java/util/BitSet wordIndex (I)I 2049 1 32509 0 0
ciMethod java/util/BitSet checkInvariants ()V 2057 1 6966 0 32
ciMethod java/util/BitSet ensureCapacity (I)V 137 1 4536 0 0
ciMethod java/util/BitSet expandTo (I)V 4097 1 8259 0 0
ciMethod java/util/BitSet set (I)V 1681 1 5481 0 320
ciMethod java/util/BitSet get (I)Z 1577 1 5347 0 160
ciMethod java/util/TreeMap getFirstEntry ()Ljava/util/TreeMap$Entry; 4329 3169 875 0 0
ciMethod java/util/TreeMap successor (Ljava/util/TreeMap$Entry;)Ljava/util/TreeMap$Entry; 4097 873 3100 0 0
ciMethod java/util/TreeMap access$100 (Ljava/util/TreeMap;)I 1161 1 145 0 0
ciMethodData java/util/ArrayList get (I)Ljava/lang/Object; 2 221952 orig 264 8 177 176 98 0 0 0 0 56 216 63 20 0 0 0 0 144 1 0 0 0 0 0 0 0 0 0 0 0 0 0 0 0 0 0 0 0 0 0 0 0 0 0 0 0 0 0 0 0 0 0 0 0 0 0 0 0 0 0 0 0 0 0 0 0 0 0 0 0 0 0 0 0 0 0 0 0 0 0 0 77 68 79 32 101 120 116 114 97 32 100 97 116 97 32 108 111 99 107 0 0 0 0 0 0 0 0 0 0 0 0 0 0 0 0 0 0 0 0 0 0 0 0 0 0 0 0 0 0 0 0 0 0 0 0 0 0 0 0 0 0 0 0 0 0 0 0 0 0 0 0 0 0 0 0 0 0 0 0 0 0 0 0 0 0 0 0 0 0 0 0 0 0 0 0 0 0 0 0 0 0 0 0 0 0 0 0 0 0 0 0 0 0 0 0 0 0 0 0 0 0 0 0 0 0 0 0 0 0 0 0 0 0 0 0 0 237 0 0 0 153 16 27 0 1 0 0 0 0 0 0 0 0 0 0 0 2 0 0 0 0 0 6 0 2 0 0 0 64 0 0 0 255 255 255 255 2 0 2 0 0 0 0 0 data 8 0x20002 0x36234 0x70005 0x0 0x172064d0 0x36275 0x0 0x0 oops 1